CRITICAL - 2022-02-11 03:03:20 --> Undefined variable $idAgenda
#0 /Applications/MAMP/htdocs/project/app/Views/accueil.php(19): CodeIgniter\Debug\Exceptions->errorHandler(2, 'Undefined varia...', '/Applications/M...', 19)
#1 /Applications/MAMP/htdocs/project/system/View/View.php(210): include('/Applications/M...')
#2 /Applications/MAMP/htdocs/project/system/View/View.php(213): CodeIgniter\View\View->CodeIgniter\View\{closure}()
#3 /Applications/MAMP/htdocs/project/system/Common.php(1089): CodeIgniter\View\View->render('accueil', Array, true)
#4 /Applications/MAMP/htdocs/project/app/Controllers/Agenda.php(16): view('accueil', Array)
#5 /Applications/MAMP/htdocs/project/system/CodeIgniter.php(825): App\Controllers\Agenda->index()
#6 /Applications/MAMP/htdocs/project/system/CodeIgniter.php(412): CodeIgniter\CodeIgniter->runController(Object(App\Controllers\Agenda))
#7 /Applications/MAMP/htdocs/project/system/CodeIgniter.php(320): CodeIgniter\CodeIgniter->handleRequest(NULL, Object(Config\Cache), false)
#8 /Applications/MAMP/htdocs/project/public/index.php(37): CodeIgniter\CodeIgniter->run()
#9 {main}
CRITICAL - 2022-02-11 03:03:21 --> Undefined variable $idAgenda
#0 /Applications/MAMP/htdocs/project/app/Views/accueil.php(19): CodeIgniter\Debug\Exceptions->errorHandler(2, 'Undefined varia...', '/Applications/M...', 19)
#1 /Applications/MAMP/htdocs/project/system/View/View.php(210): include('/Applications/M...')
#2 /Applications/MAMP/htdocs/project/system/View/View.php(213): CodeIgniter\View\View->CodeIgniter\View\{closure}()
#3 /Applications/MAMP/htdocs/project/system/Common.php(1089): CodeIgniter\View\View->render('accueil', Array, true)
#4 /Applications/MAMP/htdocs/project/app/Controllers/Agenda.php(16): view('accueil', Array)
#5 /Applications/MAMP/htdocs/project/system/CodeIgniter.php(825): App\Controllers\Agenda->index()
#6 /Applications/MAMP/htdocs/project/system/CodeIgniter.php(412): CodeIgniter\CodeIgniter->runController(Object(App\Controllers\Agenda))
#7 /Applications/MAMP/htdocs/project/system/CodeIgniter.php(320): CodeIgniter\CodeIgniter->handleRequest(NULL, Object(Config\Cache), false)
#8 /Applications/MAMP/htdocs/project/public/index.php(37): CodeIgniter\CodeIgniter->run()
#9 {main}
CRITICAL - 2022-02-11 03:09:57 --> Unclosed '{' on line 24
#0 /Applications/MAMP/htdocs/project/system/View/View.php(213): CodeIgniter\View\View->CodeIgniter\View\{closure}()
#1 /Applications/MAMP/htdocs/project/system/Common.php(1089): CodeIgniter\View\View->render('accueil', Array, true)
#2 /Applications/MAMP/htdocs/project/app/Controllers/Agenda.php(16): view('accueil', Array)
#3 /Applications/MAMP/htdocs/project/system/CodeIgniter.php(825): App\Controllers\Agenda->index()
#4 /Applications/MAMP/htdocs/project/system/CodeIgniter.php(412): CodeIgniter\CodeIgniter->runController(Object(App\Controllers\Agenda))
#5 /Applications/MAMP/htdocs/project/system/CodeIgniter.php(320): CodeIgniter\CodeIgniter->handleRequest(NULL, Object(Config\Cache), false)
#6 /Applications/MAMP/htdocs/project/public/index.php(37): CodeIgniter\CodeIgniter->run()
#7 {main}
CRITICAL - 2022-02-11 03:10:02 --> Unclosed '{' on line 24
#0 /Applications/MAMP/htdocs/project/system/View/View.php(213): CodeIgniter\View\View->CodeIgniter\View\{closure}()
#1 /Applications/MAMP/htdocs/project/system/Common.php(1089): CodeIgniter\View\View->render('accueil', Array, true)
#2 /Applications/MAMP/htdocs/project/app/Controllers/Agenda.php(16): view('accueil', Array)
#3 /Applications/MAMP/htdocs/project/system/CodeIgniter.php(825): App\Controllers\Agenda->index()
#4 /Applications/MAMP/htdocs/project/system/CodeIgniter.php(412): CodeIgniter\CodeIgniter->runController(Object(App\Controllers\Agenda))
#5 /Applications/MAMP/htdocs/project/system/CodeIgniter.php(320): CodeIgniter\CodeIgniter->handleRequest(NULL, Object(Config\Cache), false)
#6 /Applications/MAMP/htdocs/project/public/index.php(37): CodeIgniter\CodeIgniter->run()
#7 {main}
CRITICAL - 2022-02-11 03:12:38 --> Undefined variable $dateAgenda
#0 /Applications/MAMP/htdocs/project/app/Views/accueil.php(56): CodeIgniter\Debug\Exceptions->errorHandler(2, 'Undefined varia...', '/Applications/M...', 56)
#1 /Applications/MAMP/htdocs/project/system/View/View.php(210): include('/Applications/M...')
#2 /Applications/MAMP/htdocs/project/system/View/View.php(213): CodeIgniter\View\View->CodeIgniter\View\{closure}()
#3 /Applications/MAMP/htdocs/project/system/Common.php(1089): CodeIgniter\View\View->render('accueil', Array, true)
#4 /Applications/MAMP/htdocs/project/app/Controllers/Agenda.php(16): view('accueil', Array)
#5 /Applications/MAMP/htdocs/project/system/CodeIgniter.php(825): App\Controllers\Agenda->index()
#6 /Applications/MAMP/htdocs/project/system/CodeIgniter.php(412): CodeIgniter\CodeIgniter->runController(Object(App\Controllers\Agenda))
#7 /Applications/MAMP/htdocs/project/system/CodeIgniter.php(320): CodeIgniter\CodeIgniter->handleRequest(NULL, Object(Config\Cache), false)
#8 /Applications/MAMP/htdocs/project/public/index.php(37): CodeIgniter\CodeIgniter->run()
#9 {main}
CRITICAL - 2022-02-11 03:12:39 --> Undefined variable $dateAgenda
#0 /Applications/MAMP/htdocs/project/app/Views/accueil.php(56): CodeIgniter\Debug\Exceptions->errorHandler(2, 'Undefined varia...', '/Applications/M...', 56)
#1 /Applications/MAMP/htdocs/project/system/View/View.php(210): include('/Applications/M...')
#2 /Applications/MAMP/htdocs/project/system/View/View.php(213): CodeIgniter\View\View->CodeIgniter\View\{closure}()
#3 /Applications/MAMP/htdocs/project/system/Common.php(1089): CodeIgniter\View\View->render('accueil', Array, true)
#4 /Applications/MAMP/htdocs/project/app/Controllers/Agenda.php(16): view('accueil', Array)
#5 /Applications/MAMP/htdocs/project/system/CodeIgniter.php(825): App\Controllers\Agenda->index()
#6 /Applications/MAMP/htdocs/project/system/CodeIgniter.php(412): CodeIgniter\CodeIgniter->runController(Object(App\Controllers\Agenda))
#7 /Applications/MAMP/htdocs/project/system/CodeIgniter.php(320): CodeIgniter\CodeIgniter->handleRequest(NULL, Object(Config\Cache), false)
#8 /Applications/MAMP/htdocs/project/public/index.php(37): CodeIgniter\CodeIgniter->run()
#9 {main}
CRITICAL - 2022-02-11 03:23:10 --> Unclosed '{' on line 25
#0 /Applications/MAMP/htdocs/project/system/View/View.php(213): CodeIgniter\View\View->CodeIgniter\View\{closure}()
#1 /Applications/MAMP/htdocs/project/system/Common.php(1089): CodeIgniter\View\View->render('accueil', Array, true)
#2 /Applications/MAMP/htdocs/project/app/Controllers/Agenda.php(16): view('accueil', Array)
#3 /Applications/MAMP/htdocs/project/system/CodeIgniter.php(825): App\Controllers\Agenda->index()
#4 /Applications/MAMP/htdocs/project/system/CodeIgniter.php(412): CodeIgniter\CodeIgniter->runController(Object(App\Controllers\Agenda))
#5 /Applications/MAMP/htdocs/project/system/CodeIgniter.php(320): CodeIgniter\CodeIgniter->handleRequest(NULL, Object(Config\Cache), false)
#6 /Applications/MAMP/htdocs/project/public/index.php(37): CodeIgniter\CodeIgniter->run()
#7 {main}
CRITICAL - 2022-02-11 03:53:07 --> Undefined variable $intituléAgenda
#0 /Applications/MAMP/htdocs/project/app/Views/accueil.php(41): CodeIgniter\Debug\Exceptions->errorHandler(2, 'Undefined varia...', '/Applications/M...', 41)
#1 /Applications/MAMP/htdocs/project/system/View/View.php(210): include('/Applications/M...')
#2 /Applications/MAMP/htdocs/project/system/View/View.php(213): CodeIgniter\View\View->CodeIgniter\View\{closure}()
#3 /Applications/MAMP/htdocs/project/system/Common.php(1089): CodeIgniter\View\View->render('accueil', Array, true)
#4 /Applications/MAMP/htdocs/project/app/Controllers/Agenda.php(16): view('accueil', Array)
#5 /Applications/MAMP/htdocs/project/system/CodeIgniter.php(825): App\Controllers\Agenda->index()
#6 /Applications/MAMP/htdocs/project/system/CodeIgniter.php(412): CodeIgniter\CodeIgniter->runController(Object(App\Controllers\Agenda))
#7 /Applications/MAMP/htdocs/project/system/CodeIgniter.php(320): CodeIgniter\CodeIgniter->handleRequest(NULL, Object(Config\Cache), false)
#8 /Applications/MAMP/htdocs/project/public/index.php(37): CodeIgniter\CodeIgniter->run()
#9 {main}
CRITICAL - 2022-02-11 03:53:08 --> Undefined variable $intituléAgenda
#0 /Applications/MAMP/htdocs/project/app/Views/accueil.php(41): CodeIgniter\Debug\Exceptions->errorHandler(2, 'Undefined varia...', '/Applications/M...', 41)
#1 /Applications/MAMP/htdocs/project/system/View/View.php(210): include('/Applications/M...')
#2 /Applications/MAMP/htdocs/project/system/View/View.php(213): CodeIgniter\View\View->CodeIgniter\View\{closure}()
#3 /Applications/MAMP/htdocs/project/system/Common.php(1089): CodeIgniter\View\View->render('accueil', Array, true)
#4 /Applications/MAMP/htdocs/project/app/Controllers/Agenda.php(16): view('accueil', Array)
#5 /Applications/MAMP/htdocs/project/system/CodeIgniter.php(825): App\Controllers\Agenda->index()
#6 /Applications/MAMP/htdocs/project/system/CodeIgniter.php(412): CodeIgniter\CodeIgniter->runController(Object(App\Controllers\Agenda))
#7 /Applications/MAMP/htdocs/project/system/CodeIgniter.php(320): CodeIgniter\CodeIgniter->handleRequest(NULL, Object(Config\Cache), false)
#8 /Applications/MAMP/htdocs/project/public/index.php(37): CodeIgniter\CodeIgniter->run()
#9 {main}
CRITICAL - 2022-02-11 03:53:17 --> Undefined variable $intituléAgenda
#0 /Applications/MAMP/htdocs/project/app/Views/accueil.php(44): CodeIgniter\Debug\Exceptions->errorHandler(2, 'Undefined varia...', '/Applications/M...', 44)
#1 /Applications/MAMP/htdocs/project/system/View/View.php(210): include('/Applications/M...')
#2 /Applications/MAMP/htdocs/project/system/View/View.php(213): CodeIgniter\View\View->CodeIgniter\View\{closure}()
#3 /Applications/MAMP/htdocs/project/system/Common.php(1089): CodeIgniter\View\View->render('accueil', Array, true)
#4 /Applications/MAMP/htdocs/project/app/Controllers/Agenda.php(16): view('accueil', Array)
#5 /Applications/MAMP/htdocs/project/system/CodeIgniter.php(825): App\Controllers\Agenda->index()
#6 /Applications/MAMP/htdocs/project/system/CodeIgniter.php(412): CodeIgniter\CodeIgniter->runController(Object(App\Controllers\Agenda))
#7 /Applications/MAMP/htdocs/project/system/CodeIgniter.php(320): CodeIgniter\CodeIgniter->handleRequest(NULL, Object(Config\Cache), false)
#8 /Applications/MAMP/htdocs/project/public/index.php(37): CodeIgniter\CodeIgniter->run()
#9 {main}
CRITICAL - 2022-02-11 03:53:18 --> Undefined variable $intituléAgenda
#0 /Applications/MAMP/htdocs/project/app/Views/accueil.php(44): CodeIgniter\Debug\Exceptions->errorHandler(2, 'Undefined varia...', '/Applications/M...', 44)
#1 /Applications/MAMP/htdocs/project/system/View/View.php(210): include('/Applications/M...')
#2 /Applications/MAMP/htdocs/project/system/View/View.php(213): CodeIgniter\View\View->CodeIgniter\View\{closure}()
#3 /Applications/MAMP/htdocs/project/system/Common.php(1089): CodeIgniter\View\View->render('accueil', Array, true)
#4 /Applications/MAMP/htdocs/project/app/Controllers/Agenda.php(16): view('accueil', Array)
#5 /Applications/MAMP/htdocs/project/system/CodeIgniter.php(825): App\Controllers\Agenda->index()
#6 /Applications/MAMP/htdocs/project/system/CodeIgniter.php(412): CodeIgniter\CodeIgniter->runController(Object(App\Controllers\Agenda))
#7 /Applications/MAMP/htdocs/project/system/CodeIgniter.php(320): CodeIgniter\CodeIgniter->handleRequest(NULL, Object(Config\Cache), false)
#8 /Applications/MAMP/htdocs/project/public/index.php(37): CodeIgniter\CodeIgniter->run()
#9 {main}
CRITICAL - 2022-02-11 03:56:42 --> Undefined variable $organisateurAgenda
#0 /Applications/MAMP/htdocs/project/app/Views/accueil.php(121): CodeIgniter\Debug\Exceptions->errorHandler(2, 'Undefined varia...', '/Applications/M...', 121)
#1 /Applications/MAMP/htdocs/project/system/View/View.php(210): include('/Applications/M...')
#2 /Applications/MAMP/htdocs/project/system/View/View.php(213): CodeIgniter\View\View->CodeIgniter\View\{closure}()
#3 /Applications/MAMP/htdocs/project/system/Common.php(1089): CodeIgniter\View\View->render('accueil', Array, true)
#4 /Applications/MAMP/htdocs/project/app/Controllers/Agenda.php(16): view('accueil', Array)
#5 /Applications/MAMP/htdocs/project/system/CodeIgniter.php(825): App\Controllers\Agenda->index()
#6 /Applications/MAMP/htdocs/project/system/CodeIgniter.php(412): CodeIgniter\CodeIgniter->runController(Object(App\Controllers\Agenda))
#7 /Applications/MAMP/htdocs/project/system/CodeIgniter.php(320): CodeIgniter\CodeIgniter->handleRequest(NULL, Object(Config\Cache), false)
#8 /Applications/MAMP/htdocs/project/public/index.php(37): CodeIgniter\CodeIgniter->run()
#9 {main}
CRITICAL - 2022-02-11 03:56:43 --> Undefined variable $organisateurAgenda
#0 /Applications/MAMP/htdocs/project/app/Views/accueil.php(121): CodeIgniter\Debug\Exceptions->errorHandler(2, 'Undefined varia...', '/Applications/M...', 121)
#1 /Applications/MAMP/htdocs/project/system/View/View.php(210): include('/Applications/M...')
#2 /Applications/MAMP/htdocs/project/system/View/View.php(213): CodeIgniter\View\View->CodeIgniter\View\{closure}()
#3 /Applications/MAMP/htdocs/project/system/Common.php(1089): CodeIgniter\View\View->render('accueil', Array, true)
#4 /Applications/MAMP/htdocs/project/app/Controllers/Agenda.php(16): view('accueil', Array)
#5 /Applications/MAMP/htdocs/project/system/CodeIgniter.php(825): App\Controllers\Agenda->index()
#6 /Applications/MAMP/htdocs/project/system/CodeIgniter.php(412): CodeIgniter\CodeIgniter->runController(Object(App\Controllers\Agenda))
#7 /Applications/MAMP/htdocs/project/system/CodeIgniter.php(320): CodeIgniter\CodeIgniter->handleRequest(NULL, Object(Config\Cache), false)
#8 /Applications/MAMP/htdocs/project/public/index.php(37): CodeIgniter\CodeIgniter->run()
#9 {main}
CRITICAL - 2022-02-11 03:57:15 --> Undefined variable $organisateurAgenda
#0 /Applications/MAMP/htdocs/project/app/Views/accueil.php(122): CodeIgniter\Debug\Exceptions->errorHandler(2, 'Undefined varia...', '/Applications/M...', 122)
#1 /Applications/MAMP/htdocs/project/system/View/View.php(210): include('/Applications/M...')
#2 /Applications/MAMP/htdocs/project/system/View/View.php(213): CodeIgniter\View\View->CodeIgniter\View\{closure}()
#3 /Applications/MAMP/htdocs/project/system/Common.php(1089): CodeIgniter\View\View->render('accueil', Array, true)
#4 /Applications/MAMP/htdocs/project/app/Controllers/Agenda.php(16): view('accueil', Array)
#5 /Applications/MAMP/htdocs/project/system/CodeIgniter.php(825): App\Controllers\Agenda->index()
#6 /Applications/MAMP/htdocs/project/system/CodeIgniter.php(412): CodeIgniter\CodeIgniter->runController(Object(App\Controllers\Agenda))
#7 /Applications/MAMP/htdocs/project/system/CodeIgniter.php(320): CodeIgniter\CodeIgniter->handleRequest(NULL, Object(Config\Cache), false)
#8 /Applications/MAMP/htdocs/project/public/index.php(37): CodeIgniter\CodeIgniter->run()
#9 {main}
CRITICAL - 2022-02-11 03:57:16 --> Undefined variable $organisateurAgenda
#0 /Applications/MAMP/htdocs/project/app/Views/accueil.php(122): CodeIgniter\Debug\Exceptions->errorHandler(2, 'Undefined varia...', '/Applications/M...', 122)
#1 /Applications/MAMP/htdocs/project/system/View/View.php(210): include('/Applications/M...')
#2 /Applications/MAMP/htdocs/project/system/View/View.php(213): CodeIgniter\View\View->CodeIgniter\View\{closure}()
#3 /Applications/MAMP/htdocs/project/system/Common.php(1089): CodeIgniter\View\View->render('accueil', Array, true)
#4 /Applications/MAMP/htdocs/project/app/Controllers/Agenda.php(16): view('accueil', Array)
#5 /Applications/MAMP/htdocs/project/system/CodeIgniter.php(825): App\Controllers\Agenda->index()
#6 /Applications/MAMP/htdocs/project/system/CodeIgniter.php(412): CodeIgniter\CodeIgniter->runController(Object(App\Controllers\Agenda))
#7 /Applications/MAMP/htdocs/project/system/CodeIgniter.php(320): CodeIgniter\CodeIgniter->handleRequest(NULL, Object(Config\Cache), false)
#8 /Applications/MAMP/htdocs/project/public/index.php(37): CodeIgniter\CodeIgniter->run()
#9 {main}
CRITICAL - 2022-02-11 03:57:16 --> Undefined variable $organisateurAgenda
#0 /Applications/MAMP/htdocs/project/app/Views/accueil.php(122): CodeIgniter\Debug\Exceptions->errorHandler(2, 'Undefined varia...', '/Applications/M...', 122)
#1 /Applications/MAMP/htdocs/project/system/View/View.php(210): include('/Applications/M...')
#2 /Applications/MAMP/htdocs/project/system/View/View.php(213): CodeIgniter\View\View->CodeIgniter\View\{closure}()
#3 /Applications/MAMP/htdocs/project/system/Common.php(1089): CodeIgniter\View\View->render('accueil', Array, true)
#4 /Applications/MAMP/htdocs/project/app/Controllers/Agenda.php(16): view('accueil', Array)
#5 /Applications/MAMP/htdocs/project/system/CodeIgniter.php(825): App\Controllers\Agenda->index()
#6 /Applications/MAMP/htdocs/project/system/CodeIgniter.php(412): CodeIgniter\CodeIgniter->runController(Object(App\Controllers\Agenda))
#7 /Applications/MAMP/htdocs/project/system/CodeIgniter.php(320): CodeIgniter\CodeIgniter->handleRequest(NULL, Object(Config\Cache), false)
#8 /Applications/MAMP/htdocs/project/public/index.php(37): CodeIgniter\CodeIgniter->run()
#9 {main}
CRITICAL - 2022-02-11 03:57:17 --> Undefined variable $organisateurAgenda
#0 /Applications/MAMP/htdocs/project/app/Views/accueil.php(122): CodeIgniter\Debug\Exceptions->errorHandler(2, 'Undefined varia...', '/Applications/M...', 122)
#1 /Applications/MAMP/htdocs/project/system/View/View.php(210): include('/Applications/M...')
#2 /Applications/MAMP/htdocs/project/system/View/View.php(213): CodeIgniter\View\View->CodeIgniter\View\{closure}()
#3 /Applications/MAMP/htdocs/project/system/Common.php(1089): CodeIgniter\View\View->render('accueil', Array, true)
#4 /Applications/MAMP/htdocs/project/app/Controllers/Agenda.php(16): view('accueil', Array)
#5 /Applications/MAMP/htdocs/project/system/CodeIgniter.php(825): App\Controllers\Agenda->index()
#6 /Applications/MAMP/htdocs/project/system/CodeIgniter.php(412): CodeIgniter\CodeIgniter->runController(Object(App\Controllers\Agenda))
#7 /Applications/MAMP/htdocs/project/system/CodeIgniter.php(320): CodeIgniter\CodeIgniter->handleRequest(NULL, Object(Config\Cache), false)
#8 /Applications/MAMP/htdocs/project/public/index.php(37): CodeIgniter\CodeIgniter->run()
#9 {main}
CRITICAL - 2022-02-11 03:57:50 --> Undefined variable $organisateurAgenda
#0 /Applications/MAMP/htdocs/project/app/Views/accueil.php(122): CodeIgniter\Debug\Exceptions->errorHandler(2, 'Undefined varia...', '/Applications/M...', 122)
#1 /Applications/MAMP/htdocs/project/system/View/View.php(210): include('/Applications/M...')
#2 /Applications/MAMP/htdocs/project/system/View/View.php(213): CodeIgniter\View\View->CodeIgniter\View\{closure}()
#3 /Applications/MAMP/htdocs/project/system/Common.php(1089): CodeIgniter\View\View->render('accueil', Array, true)
#4 /Applications/MAMP/htdocs/project/app/Controllers/Agenda.php(16): view('accueil', Array)
#5 /Applications/MAMP/htdocs/project/system/CodeIgniter.php(825): App\Controllers\Agenda->index()
#6 /Applications/MAMP/htdocs/project/system/CodeIgniter.php(412): CodeIgniter\CodeIgniter->runController(Object(App\Controllers\Agenda))
#7 /Applications/MAMP/htdocs/project/system/CodeIgniter.php(320): CodeIgniter\CodeIgniter->handleRequest(NULL, Object(Config\Cache), false)
#8 /Applications/MAMP/htdocs/project/public/index.php(37): CodeIgniter\CodeIgniter->run()
#9 {main}
CRITICAL - 2022-02-11 03:57:51 --> Undefined variable $organisateurAgenda
#0 /Applications/MAMP/htdocs/project/app/Views/accueil.php(122): CodeIgniter\Debug\Exceptions->errorHandler(2, 'Undefined varia...', '/Applications/M...', 122)
#1 /Applications/MAMP/htdocs/project/system/View/View.php(210): include('/Applications/M...')
#2 /Applications/MAMP/htdocs/project/system/View/View.php(213): CodeIgniter\View\View->CodeIgniter\View\{closure}()
#3 /Applications/MAMP/htdocs/project/system/Common.php(1089): CodeIgniter\View\View->render('accueil', Array, true)
#4 /Applications/MAMP/htdocs/project/app/Controllers/Agenda.php(16): view('accueil', Array)
#5 /Applications/MAMP/htdocs/project/system/CodeIgniter.php(825): App\Controllers\Agenda->index()
#6 /Applications/MAMP/htdocs/project/system/CodeIgniter.php(412): CodeIgniter\CodeIgniter->runController(Object(App\Controllers\Agenda))
#7 /Applications/MAMP/htdocs/project/system/CodeIgniter.php(320): CodeIgniter\CodeIgniter->handleRequest(NULL, Object(Config\Cache), false)
#8 /Applications/MAMP/htdocs/project/public/index.php(37): CodeIgniter\CodeIgniter->run()
#9 {main}
CRITICAL - 2022-02-11 03:57:52 --> Undefined variable $organisateurAgenda
#0 /Applications/MAMP/htdocs/project/app/Views/accueil.php(122): CodeIgniter\Debug\Exceptions->errorHandler(2, 'Undefined varia...', '/Applications/M...', 122)
#1 /Applications/MAMP/htdocs/project/system/View/View.php(210): include('/Applications/M...')
#2 /Applications/MAMP/htdocs/project/system/View/View.php(213): CodeIgniter\View\View->CodeIgniter\View\{closure}()
#3 /Applications/MAMP/htdocs/project/system/Common.php(1089): CodeIgniter\View\View->render('accueil', Array, true)
#4 /Applications/MAMP/htdocs/project/app/Controllers/Agenda.php(16): view('accueil', Array)
#5 /Applications/MAMP/htdocs/project/system/CodeIgniter.php(825): App\Controllers\Agenda->index()
#6 /Applications/MAMP/htdocs/project/system/CodeIgniter.php(412): CodeIgniter\CodeIgniter->runController(Object(App\Controllers\Agenda))
#7 /Applications/MAMP/htdocs/project/system/CodeIgniter.php(320): CodeIgniter\CodeIgniter->handleRequest(NULL, Object(Config\Cache), false)
#8 /Applications/MAMP/htdocs/project/public/index.php(37): CodeIgniter\CodeIgniter->run()
#9 {main}
CRITICAL - 2022-02-11 03:57:52 --> Undefined variable $organisateurAgenda
#0 /Applications/MAMP/htdocs/project/app/Views/accueil.php(122): CodeIgniter\Debug\Exceptions->errorHandler(2, 'Undefined varia...', '/Applications/M...', 122)
#1 /Applications/MAMP/htdocs/project/system/View/View.php(210): include('/Applications/M...')
#2 /Applications/MAMP/htdocs/project/system/View/View.php(213): CodeIgniter\View\View->CodeIgniter\View\{closure}()
#3 /Applications/MAMP/htdocs/project/system/Common.php(1089): CodeIgniter\View\View->render('accueil', Array, true)
#4 /Applications/MAMP/htdocs/project/app/Controllers/Agenda.php(16): view('accueil', Array)
#5 /Applications/MAMP/htdocs/project/system/CodeIgniter.php(825): App\Controllers\Agenda->index()
#6 /Applications/MAMP/htdocs/project/system/CodeIgniter.php(412): CodeIgniter\CodeIgniter->runController(Object(App\Controllers\Agenda))
#7 /Applications/MAMP/htdocs/project/system/CodeIgniter.php(320): CodeIgniter\CodeIgniter->handleRequest(NULL, Object(Config\Cache), false)
#8 /Applications/MAMP/htdocs/project/public/index.php(37): CodeIgniter\CodeIgniter->run()
#9 {main}
CRITICAL - 2022-02-11 03:57:52 --> Undefined variable $organisateurAgenda
#0 /Applications/MAMP/htdocs/project/app/Views/accueil.php(122): CodeIgniter\Debug\Exceptions->errorHandler(2, 'Undefined varia...', '/Applications/M...', 122)
#1 /Applications/MAMP/htdocs/project/system/View/View.php(210): include('/Applications/M...')
#2 /Applications/MAMP/htdocs/project/system/View/View.php(213): CodeIgniter\View\View->CodeIgniter\View\{closure}()
#3 /Applications/MAMP/htdocs/project/system/Common.php(1089): CodeIgniter\View\View->render('accueil', Array, true)
#4 /Applications/MAMP/htdocs/project/app/Controllers/Agenda.php(16): view('accueil', Array)
#5 /Applications/MAMP/htdocs/project/system/CodeIgniter.php(825): App\Controllers\Agenda->index()
#6 /Applications/MAMP/htdocs/project/system/CodeIgniter.php(412): CodeIgniter\CodeIgniter->runController(Object(App\Controllers\Agenda))
#7 /Applications/MAMP/htdocs/project/system/CodeIgniter.php(320): CodeIgniter\CodeIgniter->handleRequest(NULL, Object(Config\Cache), false)
#8 /Applications/MAMP/htdocs/project/public/index.php(37): CodeIgniter\CodeIgniter->run()
#9 {main}
CRITICAL - 2022-02-11 03:58:31 --> syntax error, unexpected variable "$contenuAgenda"
#0 /Applications/MAMP/htdocs/project/system/View/View.php(213): CodeIgniter\View\View->CodeIgniter\View\{closure}()
#1 /Applications/MAMP/htdocs/project/system/Common.php(1089): CodeIgniter\View\View->render('accueil', Array, true)
#2 /Applications/MAMP/htdocs/project/app/Controllers/Agenda.php(16): view('accueil', Array)
#3 /Applications/MAMP/htdocs/project/system/CodeIgniter.php(825): App\Controllers\Agenda->index()
#4 /Applications/MAMP/htdocs/project/system/CodeIgniter.php(412): CodeIgniter\CodeIgniter->runController(Object(App\Controllers\Agenda))
#5 /Applications/MAMP/htdocs/project/system/CodeIgniter.php(320): CodeIgniter\CodeIgniter->handleRequest(NULL, Object(Config\Cache), false)
#6 /Applications/MAMP/htdocs/project/public/index.php(37): CodeIgniter\CodeIgniter->run()
#7 {main}
CRITICAL - 2022-02-11 03:58:32 --> Undefined constant "sp"
#0 /Applications/MAMP/htdocs/project/system/View/View.php(210): include()
#1 /Applications/MAMP/htdocs/project/system/View/View.php(213): CodeIgniter\View\View->CodeIgniter\View\{closure}()
#2 /Applications/MAMP/htdocs/project/system/Common.php(1089): CodeIgniter\View\View->render('accueil', Array, true)
#3 /Applications/MAMP/htdocs/project/app/Controllers/Agenda.php(16): view('accueil', Array)
#4 /Applications/MAMP/htdocs/project/system/CodeIgniter.php(825): App\Controllers\Agenda->index()
#5 /Applications/MAMP/htdocs/project/system/CodeIgniter.php(412): CodeIgniter\CodeIgniter->runController(Object(App\Controllers\Agenda))
#6 /Applications/MAMP/htdocs/project/system/CodeIgniter.php(320): CodeIgniter\CodeIgniter->handleRequest(NULL, Object(Config\Cache), false)
#7 /Applications/MAMP/htdocs/project/public/index.php(37): CodeIgniter\CodeIgniter->run()
#8 {main}
CRITICAL - 2022-02-11 03:58:33 --> Undefined constant "sp"
#0 /Applications/MAMP/htdocs/project/system/View/View.php(210): include()
#1 /Applications/MAMP/htdocs/project/system/View/View.php(213): CodeIgniter\View\View->CodeIgniter\View\{closure}()
#2 /Applications/MAMP/htdocs/project/system/Common.php(1089): CodeIgniter\View\View->render('accueil', Array, true)
#3 /Applications/MAMP/htdocs/project/app/Controllers/Agenda.php(16): view('accueil', Array)
#4 /Applications/MAMP/htdocs/project/system/CodeIgniter.php(825): App\Controllers\Agenda->index()
#5 /Applications/MAMP/htdocs/project/system/CodeIgniter.php(412): CodeIgniter\CodeIgniter->runController(Object(App\Controllers\Agenda))
#6 /Applications/MAMP/htdocs/project/system/CodeIgniter.php(320): CodeIgniter\CodeIgniter->handleRequest(NULL, Object(Config\Cache), false)
#7 /Applications/MAMP/htdocs/project/public/index.php(37): CodeIgniter\CodeIgniter->run()
#8 {main}
CRITICAL - 2022-02-11 03:58:45 --> Undefined property: stdClass::$organisateuraAgenda
#0 /Applications/MAMP/htdocs/project/app/Views/accueil.php(34): CodeIgniter\Debug\Exceptions->errorHandler(2, 'Undefined prope...', '/Applications/M...', 34)
#1 /Applications/MAMP/htdocs/project/system/View/View.php(210): include('/Applications/M...')
#2 /Applications/MAMP/htdocs/project/system/View/View.php(213): CodeIgniter\View\View->CodeIgniter\View\{closure}()
#3 /Applications/MAMP/htdocs/project/system/Common.php(1089): CodeIgniter\View\View->render('accueil', Array, true)
#4 /Applications/MAMP/htdocs/project/app/Controllers/Agenda.php(16): view('accueil', Array)
#5 /Applications/MAMP/htdocs/project/system/CodeIgniter.php(825): App\Controllers\Agenda->index()
#6 /Applications/MAMP/htdocs/project/system/CodeIgniter.php(412): CodeIgniter\CodeIgniter->runController(Object(App\Controllers\Agenda))
#7 /Applications/MAMP/htdocs/project/system/CodeIgniter.php(320): CodeIgniter\CodeIgniter->handleRequest(NULL, Object(Config\Cache), false)
#8 /Applications/MAMP/htdocs/project/public/index.php(37): CodeIgniter\CodeIgniter->run()
#9 {main}
CRITICAL - 2022-02-11 03:58:46 --> Undefined property: stdClass::$organisateuraAgenda
#0 /Applications/MAMP/htdocs/project/app/Views/accueil.php(34): CodeIgniter\Debug\Exceptions->errorHandler(2, 'Undefined prope...', '/Applications/M...', 34)
#1 /Applications/MAMP/htdocs/project/system/View/View.php(210): include('/Applications/M...')
#2 /Applications/MAMP/htdocs/project/system/View/View.php(213): CodeIgniter\View\View->CodeIgniter\View\{closure}()
#3 /Applications/MAMP/htdocs/project/system/Common.php(1089): CodeIgniter\View\View->render('accueil', Array, true)
#4 /Applications/MAMP/htdocs/project/app/Controllers/Agenda.php(16): view('accueil', Array)
#5 /Applications/MAMP/htdocs/project/system/CodeIgniter.php(825): App\Controllers\Agenda->index()
#6 /Applications/MAMP/htdocs/project/system/CodeIgniter.php(412): CodeIgniter\CodeIgniter->runController(Object(App\Controllers\Agenda))
#7 /Applications/MAMP/htdocs/project/system/CodeIgniter.php(320): CodeIgniter\CodeIgniter->handleRequest(NULL, Object(Config\Cache), false)
#8 /Applications/MAMP/htdocs/project/public/index.php(37): CodeIgniter\CodeIgniter->run()
#9 {main}
CRITICAL - 2022-02-11 03:58:47 --> Undefined property: stdClass::$organisateuraAgenda
#0 /Applications/MAMP/htdocs/project/app/Views/accueil.php(34): CodeIgniter\Debug\Exceptions->errorHandler(2, 'Undefined prope...', '/Applications/M...', 34)
#1 /Applications/MAMP/htdocs/project/system/View/View.php(210): include('/Applications/M...')
#2 /Applications/MAMP/htdocs/project/system/View/View.php(213): CodeIgniter\View\View->CodeIgniter\View\{closure}()
#3 /Applications/MAMP/htdocs/project/system/Common.php(1089): CodeIgniter\View\View->render('accueil', Array, true)
#4 /Applications/MAMP/htdocs/project/app/Controllers/Agenda.php(16): view('accueil', Array)
#5 /Applications/MAMP/htdocs/project/system/CodeIgniter.php(825): App\Controllers\Agenda->index()
#6 /Applications/MAMP/htdocs/project/system/CodeIgniter.php(412): CodeIgniter\CodeIgniter->runController(Object(App\Controllers\Agenda))
#7 /Applications/MAMP/htdocs/project/system/CodeIgniter.php(320): CodeIgniter\CodeIgniter->handleRequest(NULL, Object(Config\Cache), false)
#8 /Applications/MAMP/htdocs/project/public/index.php(37): CodeIgniter\CodeIgniter->run()
#9 {main}
CRITICAL - 2022-02-11 04:13:47 --> Unclosed '{' on line 60
#0 /Applications/MAMP/htdocs/project/system/View/View.php(213): CodeIgniter\View\View->CodeIgniter\View\{closure}()
#1 /Applications/MAMP/htdocs/project/system/Common.php(1089): CodeIgniter\View\View->render('accueil', Array, true)
#2 /Applications/MAMP/htdocs/project/app/Controllers/Agenda.php(16): view('accueil', Array)
#3 /Applications/MAMP/htdocs/project/system/CodeIgniter.php(825): App\Controllers\Agenda->index()
#4 /Applications/MAMP/htdocs/project/system/CodeIgniter.php(412): CodeIgniter\CodeIgniter->runController(Object(App\Controllers\Agenda))
#5 /Applications/MAMP/htdocs/project/system/CodeIgniter.php(320): CodeIgniter\CodeIgniter->handleRequest(NULL, Object(Config\Cache), false)
#6 /Applications/MAMP/htdocs/project/public/index.php(37): CodeIgniter\CodeIgniter->run()
#7 {main}
CRITICAL - 2022-02-11 04:13:47 --> Unclosed '{' on line 60
#0 /Applications/MAMP/htdocs/project/system/View/View.php(213): CodeIgniter\View\View->CodeIgniter\View\{closure}()
#1 /Applications/MAMP/htdocs/project/system/Common.php(1089): CodeIgniter\View\View->render('accueil', Array, true)
#2 /Applications/MAMP/htdocs/project/app/Controllers/Agenda.php(16): view('accueil', Array)
#3 /Applications/MAMP/htdocs/project/system/CodeIgniter.php(825): App\Controllers\Agenda->index()
#4 /Applications/MAMP/htdocs/project/system/CodeIgniter.php(412): CodeIgniter\CodeIgniter->runController(Object(App\Controllers\Agenda))
#5 /Applications/MAMP/htdocs/project/system/CodeIgniter.php(320): CodeIgniter\CodeIgniter->handleRequest(NULL, Object(Config\Cache), false)
#6 /Applications/MAMP/htdocs/project/public/index.php(37): CodeIgniter\CodeIgniter->run()
#7 {main}
CRITICAL - 2022-02-11 04:13:49 --> Unclosed '{' on line 60
#0 /Applications/MAMP/htdocs/project/system/View/View.php(213): CodeIgniter\View\View->CodeIgniter\View\{closure}()
#1 /Applications/MAMP/htdocs/project/system/Common.php(1089): CodeIgniter\View\View->render('accueil', Array, true)
#2 /Applications/MAMP/htdocs/project/app/Controllers/Agenda.php(16): view('accueil', Array)
#3 /Applications/MAMP/htdocs/project/system/CodeIgniter.php(825): App\Controllers\Agenda->index()
#4 /Applications/MAMP/htdocs/project/system/CodeIgniter.php(412): CodeIgniter\CodeIgniter->runController(Object(App\Controllers\Agenda))
#5 /Applications/MAMP/htdocs/project/system/CodeIgniter.php(320): CodeIgniter\CodeIgniter->handleRequest(NULL, Object(Config\Cache), false)
#6 /Applications/MAMP/htdocs/project/public/index.php(37): CodeIgniter\CodeIgniter->run()
#7 {main}
CRITICAL - 2022-02-11 04:13:49 --> Unclosed '{' on line 60
#0 /Applications/MAMP/htdocs/project/system/View/View.php(213): CodeIgniter\View\View->CodeIgniter\View\{closure}()
#1 /Applications/MAMP/htdocs/project/system/Common.php(1089): CodeIgniter\View\View->render('accueil', Array, true)
#2 /Applications/MAMP/htdocs/project/app/Controllers/Agenda.php(16): view('accueil', Array)
#3 /Applications/MAMP/htdocs/project/system/CodeIgniter.php(825): App\Controllers\Agenda->index()
#4 /Applications/MAMP/htdocs/project/system/CodeIgniter.php(412): CodeIgniter\CodeIgniter->runController(Object(App\Controllers\Agenda))
#5 /Applications/MAMP/htdocs/project/system/CodeIgniter.php(320): CodeIgniter\CodeIgniter->handleRequest(NULL, Object(Config\Cache), false)
#6 /Applications/MAMP/htdocs/project/public/index.php(37): CodeIgniter\CodeIgniter->run()
#7 {main}
CRITICAL - 2022-02-11 04:13:50 --> Unclosed '{' on line 60
#0 /Applications/MAMP/htdocs/project/system/View/View.php(213): CodeIgniter\View\View->CodeIgniter\View\{closure}()
#1 /Applications/MAMP/htdocs/project/system/Common.php(1089): CodeIgniter\View\View->render('accueil', Array, true)
#2 /Applications/MAMP/htdocs/project/app/Controllers/Agenda.php(16): view('accueil', Array)
#3 /Applications/MAMP/htdocs/project/system/CodeIgniter.php(825): App\Controllers\Agenda->index()
#4 /Applications/MAMP/htdocs/project/system/CodeIgniter.php(412): CodeIgniter\CodeIgniter->runController(Object(App\Controllers\Agenda))
#5 /Applications/MAMP/htdocs/project/system/CodeIgniter.php(320): CodeIgniter\CodeIgniter->handleRequest(NULL, Object(Config\Cache), false)
#6 /Applications/MAMP/htdocs/project/public/index.php(37): CodeIgniter\CodeIgniter->run()
#7 {main}
CRITICAL - 2022-02-11 04:14:23 --> Unclosed '{' on line 61
#0 /Applications/MAMP/htdocs/project/system/View/View.php(213): CodeIgniter\View\View->CodeIgniter\View\{closure}()
#1 /Applications/MAMP/htdocs/project/system/Common.php(1089): CodeIgniter\View\View->render('accueil', Array, true)
#2 /Applications/MAMP/htdocs/project/app/Controllers/Agenda.php(16): view('accueil', Array)
#3 /Applications/MAMP/htdocs/project/system/CodeIgniter.php(825): App\Controllers\Agenda->index()
#4 /Applications/MAMP/htdocs/project/system/CodeIgniter.php(412): CodeIgniter\CodeIgniter->runController(Object(App\Controllers\Agenda))
#5 /Applications/MAMP/htdocs/project/system/CodeIgniter.php(320): CodeIgniter\CodeIgniter->handleRequest(NULL, Object(Config\Cache), false)
#6 /Applications/MAMP/htdocs/project/public/index.php(37): CodeIgniter\CodeIgniter->run()
#7 {main}
CRITICAL - 2022-02-11 04:14:24 --> Unclosed '{' on line 61
#0 /Applications/MAMP/htdocs/project/system/View/View.php(213): CodeIgniter\View\View->CodeIgniter\View\{closure}()
#1 /Applications/MAMP/htdocs/project/system/Common.php(1089): CodeIgniter\View\View->render('accueil', Array, true)
#2 /Applications/MAMP/htdocs/project/app/Controllers/Agenda.php(16): view('accueil', Array)
#3 /Applications/MAMP/htdocs/project/system/CodeIgniter.php(825): App\Controllers\Agenda->index()
#4 /Applications/MAMP/htdocs/project/system/CodeIgniter.php(412): CodeIgniter\CodeIgniter->runController(Object(App\Controllers\Agenda))
#5 /Applications/MAMP/htdocs/project/system/CodeIgniter.php(320): CodeIgniter\CodeIgniter->handleRequest(NULL, Object(Config\Cache), false)
#6 /Applications/MAMP/htdocs/project/public/index.php(37): CodeIgniter\CodeIgniter->run()
#7 {main}
CRITICAL - 2022-02-11 05:03:18 --> syntax error, unexpected token "echo"
#0 /Applications/MAMP/htdocs/project/system/View/View.php(213): CodeIgniter\View\View->CodeIgniter\View\{closure}()
#1 /Applications/MAMP/htdocs/project/system/Common.php(1089): CodeIgniter\View\View->render('accueil', Array, true)
#2 /Applications/MAMP/htdocs/project/app/Controllers/Agenda.php(16): view('accueil', Array)
#3 /Applications/MAMP/htdocs/project/system/CodeIgniter.php(825): App\Controllers\Agenda->index()
#4 /Applications/MAMP/htdocs/project/system/CodeIgniter.php(412): CodeIgniter\CodeIgniter->runController(Object(App\Controllers\Agenda))
#5 /Applications/MAMP/htdocs/project/system/CodeIgniter.php(320): CodeIgniter\CodeIgniter->handleRequest(NULL, Object(Config\Cache), false)
#6 /Applications/MAMP/htdocs/project/public/index.php(37): CodeIgniter\CodeIgniter->run()
#7 {main}
CRITICAL - 2022-02-11 05:03:28 --> syntax error, unexpected identifier "de"
#0 /Applications/MAMP/htdocs/project/system/View/View.php(213): CodeIgniter\View\View->CodeIgniter\View\{closure}()
#1 /Applications/MAMP/htdocs/project/system/Common.php(1089): CodeIgniter\View\View->render('accueil', Array, true)
#2 /Applications/MAMP/htdocs/project/app/Controllers/Agenda.php(16): view('accueil', Array)
#3 /Applications/MAMP/htdocs/project/system/CodeIgniter.php(825): App\Controllers\Agenda->index()
#4 /Applications/MAMP/htdocs/project/system/CodeIgniter.php(412): CodeIgniter\CodeIgniter->runController(Object(App\Controllers\Agenda))
#5 /Applications/MAMP/htdocs/project/system/CodeIgniter.php(320): CodeIgniter\CodeIgniter->handleRequest(NULL, Object(Config\Cache), false)
#6 /Applications/MAMP/htdocs/project/public/index.php(37): CodeIgniter\CodeIgniter->run()
#7 {main}
CRITICAL - 2022-02-11 05:03:29 --> syntax error, unexpected identifier "de"
#0 /Applications/MAMP/htdocs/project/system/View/View.php(213): CodeIgniter\View\View->CodeIgniter\View\{closure}()
#1 /Applications/MAMP/htdocs/project/system/Common.php(1089): CodeIgniter\View\View->render('accueil', Array, true)
#2 /Applications/MAMP/htdocs/project/app/Controllers/Agenda.php(16): view('accueil', Array)
#3 /Applications/MAMP/htdocs/project/system/CodeIgniter.php(825): App\Controllers\Agenda->index()
#4 /Applications/MAMP/htdocs/project/system/CodeIgniter.php(412): CodeIgniter\CodeIgniter->runController(Object(App\Controllers\Agenda))
#5 /Applications/MAMP/htdocs/project/system/CodeIgniter.php(320): CodeIgniter\CodeIgniter->handleRequest(NULL, Object(Config\Cache), false)
#6 /Applications/MAMP/htdocs/project/public/index.php(37): CodeIgniter\CodeIgniter->run()
#7 {main}
CRITICAL - 2022-02-11 05:13:29 --> date_format(): Argument #1 ($object) must be of type DateTimeInterface, string given
#0 /Applications/MAMP/htdocs/project/app/Views/accueil.php(113): date_format('2022-02-22', 'g:ia \\o\\n l jS ...')
#1 /Applications/MAMP/htdocs/project/system/View/View.php(210): include('/Applications/M...')
#2 /Applications/MAMP/htdocs/project/system/View/View.php(213): CodeIgniter\View\View->CodeIgniter\View\{closure}()
#3 /Applications/MAMP/htdocs/project/system/Common.php(1089): CodeIgniter\View\View->render('accueil', Array, true)
#4 /Applications/MAMP/htdocs/project/app/Controllers/Agenda.php(16): view('accueil', Array)
#5 /Applications/MAMP/htdocs/project/system/CodeIgniter.php(825): App\Controllers\Agenda->index()
#6 /Applications/MAMP/htdocs/project/system/CodeIgniter.php(412): CodeIgniter\CodeIgniter->runController(Object(App\Controllers\Agenda))
#7 /Applications/MAMP/htdocs/project/system/CodeIgniter.php(320): CodeIgniter\CodeIgniter->handleRequest(NULL, Object(Config\Cache), false)
#8 /Applications/MAMP/htdocs/project/public/index.php(37): CodeIgniter\CodeIgniter->run()
#9 {main}
CRITICAL - 2022-02-11 05:13:52 --> date_format(): Argument #1 ($object) must be of type DateTimeInterface, string given
#0 /Applications/MAMP/htdocs/project/app/Views/accueil.php(113): date_format('2022-02-22', 'g:ia \\o\\n l jS ...')
#1 /Applications/MAMP/htdocs/project/system/View/View.php(210): include('/Applications/M...')
#2 /Applications/MAMP/htdocs/project/system/View/View.php(213): CodeIgniter\View\View->CodeIgniter\View\{closure}()
#3 /Applications/MAMP/htdocs/project/system/Common.php(1089): CodeIgniter\View\View->render('accueil', Array, true)
#4 /Applications/MAMP/htdocs/project/app/Controllers/Agenda.php(16): view('accueil', Array)
#5 /Applications/MAMP/htdocs/project/system/CodeIgniter.php(825): App\Controllers\Agenda->index()
#6 /Applications/MAMP/htdocs/project/system/CodeIgniter.php(412): CodeIgniter\CodeIgniter->runController(Object(App\Controllers\Agenda))
#7 /Applications/MAMP/htdocs/project/system/CodeIgniter.php(320): CodeIgniter\CodeIgniter->handleRequest(NULL, Object(Config\Cache), false)
#8 /Applications/MAMP/htdocs/project/public/index.php(37): CodeIgniter\CodeIgniter->run()
#9 {main}
CRITICAL - 2022-02-11 05:13:53 --> date_format(): Argument #1 ($object) must be of type DateTimeInterface, string given
#0 /Applications/MAMP/htdocs/project/app/Views/accueil.php(113): date_format('2022-02-22', 'g:ia \\o\\n l jS ...')
#1 /Applications/MAMP/htdocs/project/system/View/View.php(210): include('/Applications/M...')
#2 /Applications/MAMP/htdocs/project/system/View/View.php(213): CodeIgniter\View\View->CodeIgniter\View\{closure}()
#3 /Applications/MAMP/htdocs/project/system/Common.php(1089): CodeIgniter\View\View->render('accueil', Array, true)
#4 /Applications/MAMP/htdocs/project/app/Controllers/Agenda.php(16): view('accueil', Array)
#5 /Applications/MAMP/htdocs/project/system/CodeIgniter.php(825): App\Controllers\Agenda->index()
#6 /Applications/MAMP/htdocs/project/system/CodeIgniter.php(412): CodeIgniter\CodeIgniter->runController(Object(App\Controllers\Agenda))
#7 /Applications/MAMP/htdocs/project/system/CodeIgniter.php(320): CodeIgniter\CodeIgniter->handleRequest(NULL, Object(Config\Cache), false)
#8 /Applications/MAMP/htdocs/project/public/index.php(37): CodeIgniter\CodeIgniter->run()
#9 {main}
CRITICAL - 2022-02-11 05:14:14 --> syntax error, unexpected token "echo"
#0 /Applications/MAMP/htdocs/project/system/View/View.php(213): CodeIgniter\View\View->CodeIgniter\View\{closure}()
#1 /Applications/MAMP/htdocs/project/system/Common.php(1089): CodeIgniter\View\View->render('accueil', Array, true)
#2 /Applications/MAMP/htdocs/project/app/Controllers/Agenda.php(16): view('accueil', Array)
#3 /Applications/MAMP/htdocs/project/system/CodeIgniter.php(825): App\Controllers\Agenda->index()
#4 /Applications/MAMP/htdocs/project/system/CodeIgniter.php(412): CodeIgniter\CodeIgniter->runController(Object(App\Controllers\Agenda))
#5 /Applications/MAMP/htdocs/project/system/CodeIgniter.php(320): CodeIgniter\CodeIgniter->handleRequest(NULL, Object(Config\Cache), false)
#6 /Applications/MAMP/htdocs/project/public/index.php(37): CodeIgniter\CodeIgniter->run()
#7 {main}
CRITICAL - 2022-02-11 05:14:15 --> syntax error, unexpected token "echo"
#0 /Applications/MAMP/htdocs/project/system/View/View.php(213): CodeIgniter\View\View->CodeIgniter\View\{closure}()
#1 /Applications/MAMP/htdocs/project/system/Common.php(1089): CodeIgniter\View\View->render('accueil', Array, true)
#2 /Applications/MAMP/htdocs/project/app/Controllers/Agenda.php(16): view('accueil', Array)
#3 /Applications/MAMP/htdocs/project/system/CodeIgniter.php(825): App\Controllers\Agenda->index()
#4 /Applications/MAMP/htdocs/project/system/CodeIgniter.php(412): CodeIgniter\CodeIgniter->runController(Object(App\Controllers\Agenda))
#5 /Applications/MAMP/htdocs/project/system/CodeIgniter.php(320): CodeIgniter\CodeIgniter->handleRequest(NULL, Object(Config\Cache), false)
#6 /Applications/MAMP/htdocs/project/public/index.php(37): CodeIgniter\CodeIgniter->run()
#7 {main}
