CRITICAL - 2022-02-09 03:16:40 --> syntax error, unexpected token "}", expecting ";"
#0 /Applications/MAMP/htdocs/project/system/Autoloader/Autoloader.php(241): CodeIgniter\Autoloader\Autoloader->includeFile('/Applications/M...')
#1 /Applications/MAMP/htdocs/project/system/Autoloader/Autoloader.php(219): CodeIgniter\Autoloader\Autoloader->loadInNamespace('App\\Controllers...')
#2 [internal function]: CodeIgniter\Autoloader\Autoloader->loadClass('App\\Controllers...')
#3 /Applications/MAMP/htdocs/project/system/CodeIgniter.php(790): class_exists('\\App\\Controller...', true)
#4 /Applications/MAMP/htdocs/project/system/CodeIgniter.php(399): CodeIgniter\CodeIgniter->startController()
#5 /Applications/MAMP/htdocs/project/system/CodeIgniter.php(320): CodeIgniter\CodeIgniter->handleRequest(NULL, Object(Config\Cache), false)
#6 /Applications/MAMP/htdocs/project/public/index.php(37): CodeIgniter\CodeIgniter->run()
#7 {main}
CRITICAL - 2022-02-09 03:20:08 --> syntax error, unexpected token "}", expecting ";"
#0 /Applications/MAMP/htdocs/project/system/Router/Router.php(175): CodeIgniter\Router\Router->autoRoute('Agenda/index')
#1 /Applications/MAMP/htdocs/project/system/CodeIgniter.php(719): CodeIgniter\Router\Router->handle('Agenda/index')
#2 /Applications/MAMP/htdocs/project/system/CodeIgniter.php(361): CodeIgniter\CodeIgniter->tryToRouteIt(Object(CodeIgniter\Router\RouteCollection))
#3 /Applications/MAMP/htdocs/project/system/CodeIgniter.php(320): CodeIgniter\CodeIgniter->handleRequest(NULL, Object(Config\Cache), false)
#4 /Applications/MAMP/htdocs/project/public/index.php(37): CodeIgniter\CodeIgniter->run()
#5 {main}
CRITICAL - 2022-02-09 03:20:11 --> syntax error, unexpected token "}", expecting ";"
#0 /Applications/MAMP/htdocs/project/system/Router/Router.php(175): CodeIgniter\Router\Router->autoRoute('Agenda/index')
#1 /Applications/MAMP/htdocs/project/system/CodeIgniter.php(719): CodeIgniter\Router\Router->handle('Agenda/index')
#2 /Applications/MAMP/htdocs/project/system/CodeIgniter.php(361): CodeIgniter\CodeIgniter->tryToRouteIt(Object(CodeIgniter\Router\RouteCollection))
#3 /Applications/MAMP/htdocs/project/system/CodeIgniter.php(320): CodeIgniter\CodeIgniter->handleRequest(NULL, Object(Config\Cache), false)
#4 /Applications/MAMP/htdocs/project/public/index.php(37): CodeIgniter\CodeIgniter->run()
#5 {main}
CRITICAL - 2022-02-09 03:20:19 --> syntax error, unexpected token "}", expecting ";"
#0 /Applications/MAMP/htdocs/project/system/Router/Router.php(175): CodeIgniter\Router\Router->autoRoute('Agenda/index')
#1 /Applications/MAMP/htdocs/project/system/CodeIgniter.php(719): CodeIgniter\Router\Router->handle('Agenda/index')
#2 /Applications/MAMP/htdocs/project/system/CodeIgniter.php(361): CodeIgniter\CodeIgniter->tryToRouteIt(Object(CodeIgniter\Router\RouteCollection))
#3 /Applications/MAMP/htdocs/project/system/CodeIgniter.php(320): CodeIgniter\CodeIgniter->handleRequest(NULL, Object(Config\Cache), false)
#4 /Applications/MAMP/htdocs/project/public/index.php(37): CodeIgniter\CodeIgniter->run()
#5 {main}
CRITICAL - 2022-02-09 03:20:44 --> syntax error, unexpected token "}", expecting ";"
#0 /Applications/MAMP/htdocs/project/system/Router/Router.php(175): CodeIgniter\Router\Router->autoRoute('Agenda/index')
#1 /Applications/MAMP/htdocs/project/system/CodeIgniter.php(719): CodeIgniter\Router\Router->handle('Agenda/index')
#2 /Applications/MAMP/htdocs/project/system/CodeIgniter.php(361): CodeIgniter\CodeIgniter->tryToRouteIt(Object(CodeIgniter\Router\RouteCollection))
#3 /Applications/MAMP/htdocs/project/system/CodeIgniter.php(320): CodeIgniter\CodeIgniter->handleRequest(NULL, Object(Config\Cache), false)
#4 /Applications/MAMP/htdocs/project/public/index.php(37): CodeIgniter\CodeIgniter->run()
#5 {main}
CRITICAL - 2022-02-09 03:20:47 --> syntax error, unexpected token "}", expecting ";"
#0 /Applications/MAMP/htdocs/project/system/Router/Router.php(175): CodeIgniter\Router\Router->autoRoute('Agenda/index')
#1 /Applications/MAMP/htdocs/project/system/CodeIgniter.php(719): CodeIgniter\Router\Router->handle('Agenda/index')
#2 /Applications/MAMP/htdocs/project/system/CodeIgniter.php(361): CodeIgniter\CodeIgniter->tryToRouteIt(Object(CodeIgniter\Router\RouteCollection))
#3 /Applications/MAMP/htdocs/project/system/CodeIgniter.php(320): CodeIgniter\CodeIgniter->handleRequest(NULL, Object(Config\Cache), false)
#4 /Applications/MAMP/htdocs/project/public/index.php(37): CodeIgniter\CodeIgniter->run()
#5 {main}
CRITICAL - 2022-02-09 03:51:22 --> syntax error, unexpected token "}", expecting ";"
#0 /Applications/MAMP/htdocs/project/system/Router/Router.php(175): CodeIgniter\Router\Router->autoRoute('Agenda/index')
#1 /Applications/MAMP/htdocs/project/system/CodeIgniter.php(719): CodeIgniter\Router\Router->handle('Agenda/index')
#2 /Applications/MAMP/htdocs/project/system/CodeIgniter.php(361): CodeIgniter\CodeIgniter->tryToRouteIt(Object(CodeIgniter\Router\RouteCollection))
#3 /Applications/MAMP/htdocs/project/system/CodeIgniter.php(320): CodeIgniter\CodeIgniter->handleRequest(NULL, Object(Config\Cache), false)
#4 /Applications/MAMP/htdocs/project/public/index.php(37): CodeIgniter\CodeIgniter->run()
#5 {main}
