CRITICAL - 2022-02-08 05:29:46 --> Invalid file: welcome_message.php
#0 /Applications/MAMP/htdocs/agenda/system/View/View.php(198): CodeIgniter\Exceptions\FrameworkException::forInvalidFile('welcome_message...')
#1 /Applications/MAMP/htdocs/agenda/system/Common.php(1089): CodeIgniter\View\View->render('welcome_message', Array, true)
#2 /Applications/MAMP/htdocs/agenda/app/Controllers/Home.php(9): view('welcome_message')
#3 /Applications/MAMP/htdocs/agenda/system/CodeIgniter.php(825): App\Controllers\Home->index()
#4 /Applications/MAMP/htdocs/agenda/system/CodeIgniter.php(412): CodeIgniter\CodeIgniter->runController(Object(App\Controllers\Home))
#5 /Applications/MAMP/htdocs/agenda/system/CodeIgniter.php(320): CodeIgniter\CodeIgniter->handleRequest(NULL, Object(Config\Cache), false)
#6 /Applications/MAMP/htdocs/agenda/public/index.php(37): CodeIgniter\CodeIgniter->run()
#7 {main}
CRITICAL - 2022-02-08 05:29:46 --> Invalid file: welcome_message.php
#0 /Applications/MAMP/htdocs/agenda/system/View/View.php(198): CodeIgniter\Exceptions\FrameworkException::forInvalidFile('welcome_message...')
#1 /Applications/MAMP/htdocs/agenda/system/Common.php(1089): CodeIgniter\View\View->render('welcome_message', Array, true)
#2 /Applications/MAMP/htdocs/agenda/app/Controllers/Home.php(9): view('welcome_message')
#3 /Applications/MAMP/htdocs/agenda/system/CodeIgniter.php(825): App\Controllers\Home->index()
#4 /Applications/MAMP/htdocs/agenda/system/CodeIgniter.php(412): CodeIgniter\CodeIgniter->runController(Object(App\Controllers\Home))
#5 /Applications/MAMP/htdocs/agenda/system/CodeIgniter.php(320): CodeIgniter\CodeIgniter->handleRequest(NULL, Object(Config\Cache), false)
#6 /Applications/MAMP/htdocs/agenda/public/index.php(37): CodeIgniter\CodeIgniter->run()
#7 {main}
CRITICAL - 2022-02-08 05:29:50 --> Invalid file: welcome_message.php
#0 /Applications/MAMP/htdocs/agenda/system/View/View.php(198): CodeIgniter\Exceptions\FrameworkException::forInvalidFile('welcome_message...')
#1 /Applications/MAMP/htdocs/agenda/system/Common.php(1089): CodeIgniter\View\View->render('welcome_message', Array, true)
#2 /Applications/MAMP/htdocs/agenda/app/Controllers/Home.php(9): view('welcome_message')
#3 /Applications/MAMP/htdocs/agenda/system/CodeIgniter.php(825): App\Controllers\Home->index()
#4 /Applications/MAMP/htdocs/agenda/system/CodeIgniter.php(412): CodeIgniter\CodeIgniter->runController(Object(App\Controllers\Home))
#5 /Applications/MAMP/htdocs/agenda/system/CodeIgniter.php(320): CodeIgniter\CodeIgniter->handleRequest(NULL, Object(Config\Cache), false)
#6 /Applications/MAMP/htdocs/agenda/public/index.php(37): CodeIgniter\CodeIgniter->run()
#7 {main}
CRITICAL - 2022-02-08 05:33:28 --> Invalid file: welcome_message.php
#0 /Applications/MAMP/htdocs/agenda/system/View/View.php(198): CodeIgniter\Exceptions\FrameworkException::forInvalidFile('welcome_message...')
#1 /Applications/MAMP/htdocs/agenda/system/Common.php(1089): CodeIgniter\View\View->render('welcome_message', Array, true)
#2 /Applications/MAMP/htdocs/agenda/app/Controllers/Home.php(9): view('welcome_message')
#3 /Applications/MAMP/htdocs/agenda/system/CodeIgniter.php(825): App\Controllers\Home->index()
#4 /Applications/MAMP/htdocs/agenda/system/CodeIgniter.php(412): CodeIgniter\CodeIgniter->runController(Object(App\Controllers\Home))
#5 /Applications/MAMP/htdocs/agenda/system/CodeIgniter.php(320): CodeIgniter\CodeIgniter->handleRequest(NULL, Object(Config\Cache), false)
#6 /Applications/MAMP/htdocs/agenda/public/index.php(37): CodeIgniter\CodeIgniter->run()
#7 {main}
CRITICAL - 2022-02-08 05:33:29 --> Invalid file: welcome_message.php
#0 /Applications/MAMP/htdocs/agenda/system/View/View.php(198): CodeIgniter\Exceptions\FrameworkException::forInvalidFile('welcome_message...')
#1 /Applications/MAMP/htdocs/agenda/system/Common.php(1089): CodeIgniter\View\View->render('welcome_message', Array, true)
#2 /Applications/MAMP/htdocs/agenda/app/Controllers/Home.php(9): view('welcome_message')
#3 /Applications/MAMP/htdocs/agenda/system/CodeIgniter.php(825): App\Controllers\Home->index()
#4 /Applications/MAMP/htdocs/agenda/system/CodeIgniter.php(412): CodeIgniter\CodeIgniter->runController(Object(App\Controllers\Home))
#5 /Applications/MAMP/htdocs/agenda/system/CodeIgniter.php(320): CodeIgniter\CodeIgniter->handleRequest(NULL, Object(Config\Cache), false)
#6 /Applications/MAMP/htdocs/agenda/public/index.php(37): CodeIgniter\CodeIgniter->run()
#7 {main}
CRITICAL - 2022-02-08 05:33:29 --> Invalid file: welcome_message.php
#0 /Applications/MAMP/htdocs/agenda/system/View/View.php(198): CodeIgniter\Exceptions\FrameworkException::forInvalidFile('welcome_message...')
#1 /Applications/MAMP/htdocs/agenda/system/Common.php(1089): CodeIgniter\View\View->render('welcome_message', Array, true)
#2 /Applications/MAMP/htdocs/agenda/app/Controllers/Home.php(9): view('welcome_message')
#3 /Applications/MAMP/htdocs/agenda/system/CodeIgniter.php(825): App\Controllers\Home->index()
#4 /Applications/MAMP/htdocs/agenda/system/CodeIgniter.php(412): CodeIgniter\CodeIgniter->runController(Object(App\Controllers\Home))
#5 /Applications/MAMP/htdocs/agenda/system/CodeIgniter.php(320): CodeIgniter\CodeIgniter->handleRequest(NULL, Object(Config\Cache), false)
#6 /Applications/MAMP/htdocs/agenda/public/index.php(37): CodeIgniter\CodeIgniter->run()
#7 {main}
CRITICAL - 2022-02-08 05:35:48 --> Undefined variable $content
#0 /Applications/MAMP/htdocs/agenda/app/Views/template.php(46): CodeIgniter\Debug\Exceptions->errorHandler(2, 'Undefined varia...', '/Applications/M...', 46)
#1 /Applications/MAMP/htdocs/agenda/system/View/View.php(210): include('/Applications/M...')
#2 /Applications/MAMP/htdocs/agenda/system/View/View.php(213): CodeIgniter\View\View->CodeIgniter\View\{closure}()
#3 /Applications/MAMP/htdocs/agenda/system/Common.php(1089): CodeIgniter\View\View->render('template', Array, true)
#4 /Applications/MAMP/htdocs/agenda/app/Controllers/Home.php(9): view('template')
#5 /Applications/MAMP/htdocs/agenda/system/CodeIgniter.php(825): App\Controllers\Home->index()
#6 /Applications/MAMP/htdocs/agenda/system/CodeIgniter.php(412): CodeIgniter\CodeIgniter->runController(Object(App\Controllers\Home))
#7 /Applications/MAMP/htdocs/agenda/system/CodeIgniter.php(320): CodeIgniter\CodeIgniter->handleRequest(NULL, Object(Config\Cache), false)
#8 /Applications/MAMP/htdocs/agenda/public/index.php(37): CodeIgniter\CodeIgniter->run()
#9 {main}
CRITICAL - 2022-02-08 05:35:49 --> Undefined variable $content
#0 /Applications/MAMP/htdocs/agenda/app/Views/template.php(46): CodeIgniter\Debug\Exceptions->errorHandler(2, 'Undefined varia...', '/Applications/M...', 46)
#1 /Applications/MAMP/htdocs/agenda/system/View/View.php(210): include('/Applications/M...')
#2 /Applications/MAMP/htdocs/agenda/system/View/View.php(213): CodeIgniter\View\View->CodeIgniter\View\{closure}()
#3 /Applications/MAMP/htdocs/agenda/system/Common.php(1089): CodeIgniter\View\View->render('template', Array, true)
#4 /Applications/MAMP/htdocs/agenda/app/Controllers/Home.php(9): view('template')
#5 /Applications/MAMP/htdocs/agenda/system/CodeIgniter.php(825): App\Controllers\Home->index()
#6 /Applications/MAMP/htdocs/agenda/system/CodeIgniter.php(412): CodeIgniter\CodeIgniter->runController(Object(App\Controllers\Home))
#7 /Applications/MAMP/htdocs/agenda/system/CodeIgniter.php(320): CodeIgniter\CodeIgniter->handleRequest(NULL, Object(Config\Cache), false)
#8 /Applications/MAMP/htdocs/agenda/public/index.php(37): CodeIgniter\CodeIgniter->run()
#9 {main}
CRITICAL - 2022-02-08 05:36:05 --> Undefined variable $content
#0 /Applications/MAMP/htdocs/agenda/app/Views/template.php(46): CodeIgniter\Debug\Exceptions->errorHandler(2, 'Undefined varia...', '/Applications/M...', 46)
#1 /Applications/MAMP/htdocs/agenda/system/View/View.php(210): include('/Applications/M...')
#2 /Applications/MAMP/htdocs/agenda/system/View/View.php(213): CodeIgniter\View\View->CodeIgniter\View\{closure}()
#3 /Applications/MAMP/htdocs/agenda/system/Common.php(1089): CodeIgniter\View\View->render('template', Array, true)
#4 /Applications/MAMP/htdocs/agenda/app/Controllers/Home.php(9): view('template')
#5 /Applications/MAMP/htdocs/agenda/system/CodeIgniter.php(825): App\Controllers\Home->index()
#6 /Applications/MAMP/htdocs/agenda/system/CodeIgniter.php(412): CodeIgniter\CodeIgniter->runController(Object(App\Controllers\Home))
#7 /Applications/MAMP/htdocs/agenda/system/CodeIgniter.php(320): CodeIgniter\CodeIgniter->handleRequest(NULL, Object(Config\Cache), false)
#8 /Applications/MAMP/htdocs/agenda/public/index.php(37): CodeIgniter\CodeIgniter->run()
#9 {main}
CRITICAL - 2022-02-08 05:36:08 --> Undefined variable $content
#0 /Applications/MAMP/htdocs/agenda/app/Views/template.php(46): CodeIgniter\Debug\Exceptions->errorHandler(2, 'Undefined varia...', '/Applications/M...', 46)
#1 /Applications/MAMP/htdocs/agenda/system/View/View.php(210): include('/Applications/M...')
#2 /Applications/MAMP/htdocs/agenda/system/View/View.php(213): CodeIgniter\View\View->CodeIgniter\View\{closure}()
#3 /Applications/MAMP/htdocs/agenda/system/Common.php(1089): CodeIgniter\View\View->render('template', Array, true)
#4 /Applications/MAMP/htdocs/agenda/app/Controllers/Home.php(9): view('template')
#5 /Applications/MAMP/htdocs/agenda/system/CodeIgniter.php(825): App\Controllers\Home->index()
#6 /Applications/MAMP/htdocs/agenda/system/CodeIgniter.php(412): CodeIgniter\CodeIgniter->runController(Object(App\Controllers\Home))
#7 /Applications/MAMP/htdocs/agenda/system/CodeIgniter.php(320): CodeIgniter\CodeIgniter->handleRequest(NULL, Object(Config\Cache), false)
#8 /Applications/MAMP/htdocs/agenda/public/index.php(37): CodeIgniter\CodeIgniter->run()
#9 {main}
CRITICAL - 2022-02-08 05:37:34 --> require(bootstrap): Failed to open stream: No such file or directory
#0 /Applications/MAMP/htdocs/agenda/app/Views/template.php(7): CodeIgniter\Debug\Exceptions->errorHandler(2, 'require(bootstr...', '/Applications/M...', 7)
#1 /Applications/MAMP/htdocs/agenda/app/Views/template.php(7): require()
#2 /Applications/MAMP/htdocs/agenda/system/View/View.php(210): include('/Applications/M...')
#3 /Applications/MAMP/htdocs/agenda/system/View/View.php(213): CodeIgniter\View\View->CodeIgniter\View\{closure}()
#4 /Applications/MAMP/htdocs/agenda/system/Common.php(1089): CodeIgniter\View\View->render('template', Array, true)
#5 /Applications/MAMP/htdocs/agenda/app/Controllers/Home.php(9): view('template')
#6 /Applications/MAMP/htdocs/agenda/system/CodeIgniter.php(825): App\Controllers\Home->index()
#7 /Applications/MAMP/htdocs/agenda/system/CodeIgniter.php(412): CodeIgniter\CodeIgniter->runController(Object(App\Controllers\Home))
#8 /Applications/MAMP/htdocs/agenda/system/CodeIgniter.php(320): CodeIgniter\CodeIgniter->handleRequest(NULL, Object(Config\Cache), false)
#9 /Applications/MAMP/htdocs/agenda/public/index.php(37): CodeIgniter\CodeIgniter->run()
#10 {main}
CRITICAL - 2022-02-08 05:37:34 --> require(bootstrap): Failed to open stream: No such file or directory
#0 /Applications/MAMP/htdocs/agenda/app/Views/template.php(7): CodeIgniter\Debug\Exceptions->errorHandler(2, 'require(bootstr...', '/Applications/M...', 7)
#1 /Applications/MAMP/htdocs/agenda/app/Views/template.php(7): require()
#2 /Applications/MAMP/htdocs/agenda/system/View/View.php(210): include('/Applications/M...')
#3 /Applications/MAMP/htdocs/agenda/system/View/View.php(213): CodeIgniter\View\View->CodeIgniter\View\{closure}()
#4 /Applications/MAMP/htdocs/agenda/system/Common.php(1089): CodeIgniter\View\View->render('template', Array, true)
#5 /Applications/MAMP/htdocs/agenda/app/Controllers/Home.php(9): view('template')
#6 /Applications/MAMP/htdocs/agenda/system/CodeIgniter.php(825): App\Controllers\Home->index()
#7 /Applications/MAMP/htdocs/agenda/system/CodeIgniter.php(412): CodeIgniter\CodeIgniter->runController(Object(App\Controllers\Home))
#8 /Applications/MAMP/htdocs/agenda/system/CodeIgniter.php(320): CodeIgniter\CodeIgniter->handleRequest(NULL, Object(Config\Cache), false)
#9 /Applications/MAMP/htdocs/agenda/public/index.php(37): CodeIgniter\CodeIgniter->run()
#10 {main}
CRITICAL - 2022-02-08 05:40:40 --> Undefined variable $content
#0 /Applications/MAMP/htdocs/agenda/app/Views/template.php(51): CodeIgniter\Debug\Exceptions->errorHandler(2, 'Undefined varia...', '/Applications/M...', 51)
#1 /Applications/MAMP/htdocs/agenda/system/View/View.php(210): include('/Applications/M...')
#2 /Applications/MAMP/htdocs/agenda/system/View/View.php(213): CodeIgniter\View\View->CodeIgniter\View\{closure}()
#3 /Applications/MAMP/htdocs/agenda/system/Common.php(1089): CodeIgniter\View\View->render('template', Array, true)
#4 /Applications/MAMP/htdocs/agenda/app/Controllers/Home.php(9): view('template')
#5 /Applications/MAMP/htdocs/agenda/system/CodeIgniter.php(825): App\Controllers\Home->index()
#6 /Applications/MAMP/htdocs/agenda/system/CodeIgniter.php(412): CodeIgniter\CodeIgniter->runController(Object(App\Controllers\Home))
#7 /Applications/MAMP/htdocs/agenda/system/CodeIgniter.php(320): CodeIgniter\CodeIgniter->handleRequest(NULL, Object(Config\Cache), false)
#8 /Applications/MAMP/htdocs/agenda/public/index.php(37): CodeIgniter\CodeIgniter->run()
#9 {main}
CRITICAL - 2022-02-08 08:21:47 --> syntax error, unexpected token "}", expecting ";"
#0 /Applications/MAMP/htdocs/agenda/system/Router/Router.php(175): CodeIgniter\Router\Router->autoRoute('agenda/formulai...')
#1 /Applications/MAMP/htdocs/agenda/system/CodeIgniter.php(719): CodeIgniter\Router\Router->handle('agenda/formulai...')
#2 /Applications/MAMP/htdocs/agenda/system/CodeIgniter.php(361): CodeIgniter\CodeIgniter->tryToRouteIt(Object(CodeIgniter\Router\RouteCollection))
#3 /Applications/MAMP/htdocs/agenda/system/CodeIgniter.php(320): CodeIgniter\CodeIgniter->handleRequest(NULL, Object(Config\Cache), false)
#4 /Applications/MAMP/htdocs/agenda/public/index.php(37): CodeIgniter\CodeIgniter->run()
#5 {main}
CRITICAL - 2022-02-08 08:22:35 --> syntax error, unexpected token "}", expecting ";"
#0 /Applications/MAMP/htdocs/agenda/system/Router/Router.php(175): CodeIgniter\Router\Router->autoRoute('agenda/formulai...')
#1 /Applications/MAMP/htdocs/agenda/system/CodeIgniter.php(719): CodeIgniter\Router\Router->handle('agenda/formulai...')
#2 /Applications/MAMP/htdocs/agenda/system/CodeIgniter.php(361): CodeIgniter\CodeIgniter->tryToRouteIt(Object(CodeIgniter\Router\RouteCollection))
#3 /Applications/MAMP/htdocs/agenda/system/CodeIgniter.php(320): CodeIgniter\CodeIgniter->handleRequest(NULL, Object(Config\Cache), false)
#4 /Applications/MAMP/htdocs/agenda/public/index.php(37): CodeIgniter\CodeIgniter->run()
#5 {main}
CRITICAL - 2022-02-08 08:22:38 --> syntax error, unexpected token "}", expecting ";"
#0 /Applications/MAMP/htdocs/agenda/system/Router/Router.php(175): CodeIgniter\Router\Router->autoRoute('Agenda/index')
#1 /Applications/MAMP/htdocs/agenda/system/CodeIgniter.php(719): CodeIgniter\Router\Router->handle('Agenda/index')
#2 /Applications/MAMP/htdocs/agenda/system/CodeIgniter.php(361): CodeIgniter\CodeIgniter->tryToRouteIt(Object(CodeIgniter\Router\RouteCollection))
#3 /Applications/MAMP/htdocs/agenda/system/CodeIgniter.php(320): CodeIgniter\CodeIgniter->handleRequest(NULL, Object(Config\Cache), false)
#4 /Applications/MAMP/htdocs/agenda/public/index.php(37): CodeIgniter\CodeIgniter->run()
#5 {main}
CRITICAL - 2022-02-08 08:22:39 --> syntax error, unexpected token "}", expecting ";"
#0 /Applications/MAMP/htdocs/agenda/system/Router/Router.php(175): CodeIgniter\Router\Router->autoRoute('Agenda/index')
#1 /Applications/MAMP/htdocs/agenda/system/CodeIgniter.php(719): CodeIgniter\Router\Router->handle('Agenda/index')
#2 /Applications/MAMP/htdocs/agenda/system/CodeIgniter.php(361): CodeIgniter\CodeIgniter->tryToRouteIt(Object(CodeIgniter\Router\RouteCollection))
#3 /Applications/MAMP/htdocs/agenda/system/CodeIgniter.php(320): CodeIgniter\CodeIgniter->handleRequest(NULL, Object(Config\Cache), false)
#4 /Applications/MAMP/htdocs/agenda/public/index.php(37): CodeIgniter\CodeIgniter->run()
#5 {main}
CRITICAL - 2022-02-08 08:24:24 --> syntax error, unexpected token "}", expecting ";"
#0 /Applications/MAMP/htdocs/agenda/system/Autoloader/Autoloader.php(241): CodeIgniter\Autoloader\Autoloader->includeFile('/Applications/M...')
#1 /Applications/MAMP/htdocs/agenda/system/Autoloader/Autoloader.php(219): CodeIgniter\Autoloader\Autoloader->loadInNamespace('App\\Controllers...')
#2 [internal function]: CodeIgniter\Autoloader\Autoloader->loadClass('App\\Controllers...')
#3 /Applications/MAMP/htdocs/agenda/system/CodeIgniter.php(790): class_exists('\\App\\Controller...', true)
#4 /Applications/MAMP/htdocs/agenda/system/CodeIgniter.php(399): CodeIgniter\CodeIgniter->startController()
#5 /Applications/MAMP/htdocs/agenda/system/CodeIgniter.php(320): CodeIgniter\CodeIgniter->handleRequest(NULL, Object(Config\Cache), false)
#6 /Applications/MAMP/htdocs/agenda/public/index.php(37): CodeIgniter\CodeIgniter->run()
#7 {main}
CRITICAL - 2022-02-08 08:24:28 --> syntax error, unexpected token "}", expecting ";"
#0 /Applications/MAMP/htdocs/agenda/system/Autoloader/Autoloader.php(241): CodeIgniter\Autoloader\Autoloader->includeFile('/Applications/M...')
#1 /Applications/MAMP/htdocs/agenda/system/Autoloader/Autoloader.php(219): CodeIgniter\Autoloader\Autoloader->loadInNamespace('App\\Controllers...')
#2 [internal function]: CodeIgniter\Autoloader\Autoloader->loadClass('App\\Controllers...')
#3 /Applications/MAMP/htdocs/agenda/system/CodeIgniter.php(790): class_exists('\\App\\Controller...', true)
#4 /Applications/MAMP/htdocs/agenda/system/CodeIgniter.php(399): CodeIgniter\CodeIgniter->startController()
#5 /Applications/MAMP/htdocs/agenda/system/CodeIgniter.php(320): CodeIgniter\CodeIgniter->handleRequest(NULL, Object(Config\Cache), false)
#6 /Applications/MAMP/htdocs/agenda/public/index.php(37): CodeIgniter\CodeIgniter->run()
#7 {main}
CRITICAL - 2022-02-08 08:27:38 --> syntax error, unexpected token "}", expecting ";"
#0 /Applications/MAMP/htdocs/project/system/Autoloader/Autoloader.php(241): CodeIgniter\Autoloader\Autoloader->includeFile('/Applications/M...')
#1 /Applications/MAMP/htdocs/project/system/Autoloader/Autoloader.php(219): CodeIgniter\Autoloader\Autoloader->loadInNamespace('App\\Controllers...')
#2 [internal function]: CodeIgniter\Autoloader\Autoloader->loadClass('App\\Controllers...')
#3 /Applications/MAMP/htdocs/project/system/CodeIgniter.php(790): class_exists('\\App\\Controller...', true)
#4 /Applications/MAMP/htdocs/project/system/CodeIgniter.php(399): CodeIgniter\CodeIgniter->startController()
#5 /Applications/MAMP/htdocs/project/system/CodeIgniter.php(320): CodeIgniter\CodeIgniter->handleRequest(NULL, Object(Config\Cache), false)
#6 /Applications/MAMP/htdocs/project/public/index.php(37): CodeIgniter\CodeIgniter->run()
#7 {main}
CRITICAL - 2022-02-08 08:35:43 --> syntax error, unexpected token "}", expecting ";"
#0 /Applications/MAMP/htdocs/project/system/Autoloader/Autoloader.php(241): CodeIgniter\Autoloader\Autoloader->includeFile('/Applications/M...')
#1 /Applications/MAMP/htdocs/project/system/Autoloader/Autoloader.php(219): CodeIgniter\Autoloader\Autoloader->loadInNamespace('App\\Controllers...')
#2 [internal function]: CodeIgniter\Autoloader\Autoloader->loadClass('App\\Controllers...')
#3 /Applications/MAMP/htdocs/project/system/CodeIgniter.php(790): class_exists('\\App\\Controller...', true)
#4 /Applications/MAMP/htdocs/project/system/CodeIgniter.php(399): CodeIgniter\CodeIgniter->startController()
#5 /Applications/MAMP/htdocs/project/system/CodeIgniter.php(320): CodeIgniter\CodeIgniter->handleRequest(NULL, Object(Config\Cache), false)
#6 /Applications/MAMP/htdocs/project/public/index.php(37): CodeIgniter\CodeIgniter->run()
#7 {main}
