CRITICAL - 2022-02-19 06:23:22 --> Undefined array key "recherche"
#0 /Applications/MAMP/htdocs/project/app/Views/template.php(103): CodeIgniter\Debug\Exceptions->errorHandler(2, 'Undefined array...', '/Applications/M...', 103)
#1 /Applications/MAMP/htdocs/project/app/Views/accueil.php(367): include_once('/Applications/M...')
#2 /Applications/MAMP/htdocs/project/system/View/View.php(210): include('/Applications/M...')
#3 /Applications/MAMP/htdocs/project/system/View/View.php(213): CodeIgniter\View\View->CodeIgniter\View\{closure}()
#4 /Applications/MAMP/htdocs/project/system/Common.php(1089): CodeIgniter\View\View->render('accueil', Array, true)
#5 /Applications/MAMP/htdocs/project/app/Controllers/Agenda.php(16): view('accueil', Array)
#6 /Applications/MAMP/htdocs/project/system/CodeIgniter.php(825): App\Controllers\Agenda->index()
#7 /Applications/MAMP/htdocs/project/system/CodeIgniter.php(412): CodeIgniter\CodeIgniter->runController(Object(App\Controllers\Agenda))
#8 /Applications/MAMP/htdocs/project/system/CodeIgniter.php(320): CodeIgniter\CodeIgniter->handleRequest(NULL, Object(Config\Cache), false)
#9 /Applications/MAMP/htdocs/project/public/index.php(37): CodeIgniter\CodeIgniter->run()
#10 {main}
CRITICAL - 2022-02-19 06:23:23 --> Undefined array key "recherche"
#0 /Applications/MAMP/htdocs/project/app/Views/template.php(103): CodeIgniter\Debug\Exceptions->errorHandler(2, 'Undefined array...', '/Applications/M...', 103)
#1 /Applications/MAMP/htdocs/project/app/Views/accueil.php(367): include_once('/Applications/M...')
#2 /Applications/MAMP/htdocs/project/system/View/View.php(210): include('/Applications/M...')
#3 /Applications/MAMP/htdocs/project/system/View/View.php(213): CodeIgniter\View\View->CodeIgniter\View\{closure}()
#4 /Applications/MAMP/htdocs/project/system/Common.php(1089): CodeIgniter\View\View->render('accueil', Array, true)
#5 /Applications/MAMP/htdocs/project/app/Controllers/Agenda.php(16): view('accueil', Array)
#6 /Applications/MAMP/htdocs/project/system/CodeIgniter.php(825): App\Controllers\Agenda->index()
#7 /Applications/MAMP/htdocs/project/system/CodeIgniter.php(412): CodeIgniter\CodeIgniter->runController(Object(App\Controllers\Agenda))
#8 /Applications/MAMP/htdocs/project/system/CodeIgniter.php(320): CodeIgniter\CodeIgniter->handleRequest(NULL, Object(Config\Cache), false)
#9 /Applications/MAMP/htdocs/project/public/index.php(37): CodeIgniter\CodeIgniter->run()
#10 {main}
CRITICAL - 2022-02-19 06:23:24 --> Undefined array key "recherche"
#0 /Applications/MAMP/htdocs/project/app/Views/template.php(103): CodeIgniter\Debug\Exceptions->errorHandler(2, 'Undefined array...', '/Applications/M...', 103)
#1 /Applications/MAMP/htdocs/project/app/Views/accueil.php(367): include_once('/Applications/M...')
#2 /Applications/MAMP/htdocs/project/system/View/View.php(210): include('/Applications/M...')
#3 /Applications/MAMP/htdocs/project/system/View/View.php(213): CodeIgniter\View\View->CodeIgniter\View\{closure}()
#4 /Applications/MAMP/htdocs/project/system/Common.php(1089): CodeIgniter\View\View->render('accueil', Array, true)
#5 /Applications/MAMP/htdocs/project/app/Controllers/Agenda.php(16): view('accueil', Array)
#6 /Applications/MAMP/htdocs/project/system/CodeIgniter.php(825): App\Controllers\Agenda->index()
#7 /Applications/MAMP/htdocs/project/system/CodeIgniter.php(412): CodeIgniter\CodeIgniter->runController(Object(App\Controllers\Agenda))
#8 /Applications/MAMP/htdocs/project/system/CodeIgniter.php(320): CodeIgniter\CodeIgniter->handleRequest(NULL, Object(Config\Cache), false)
#9 /Applications/MAMP/htdocs/project/public/index.php(37): CodeIgniter\CodeIgniter->run()
#10 {main}
CRITICAL - 2022-02-19 07:24:53 --> Undefined variable $eve
#0 /Applications/MAMP/htdocs/project/app/Views/accueil.php(13): CodeIgniter\Debug\Exceptions->errorHandler(2, 'Undefined varia...', '/Applications/M...', 13)
#1 /Applications/MAMP/htdocs/project/system/View/View.php(210): include('/Applications/M...')
#2 /Applications/MAMP/htdocs/project/system/View/View.php(213): CodeIgniter\View\View->CodeIgniter\View\{closure}()
#3 /Applications/MAMP/htdocs/project/system/Common.php(1089): CodeIgniter\View\View->render('accueil', Array, true)
#4 /Applications/MAMP/htdocs/project/app/Controllers/Agenda.php(16): view('accueil', Array)
#5 /Applications/MAMP/htdocs/project/system/CodeIgniter.php(825): App\Controllers\Agenda->index()
#6 /Applications/MAMP/htdocs/project/system/CodeIgniter.php(412): CodeIgniter\CodeIgniter->runController(Object(App\Controllers\Agenda))
#7 /Applications/MAMP/htdocs/project/system/CodeIgniter.php(320): CodeIgniter\CodeIgniter->handleRequest(NULL, Object(Config\Cache), false)
#8 /Applications/MAMP/htdocs/project/public/index.php(37): CodeIgniter\CodeIgniter->run()
#9 {main}
CRITICAL - 2022-02-19 07:25:13 --> Undefined variable $eve
#0 /Applications/MAMP/htdocs/project/app/Views/accueil.php(13): CodeIgniter\Debug\Exceptions->errorHandler(2, 'Undefined varia...', '/Applications/M...', 13)
#1 /Applications/MAMP/htdocs/project/system/View/View.php(210): include('/Applications/M...')
#2 /Applications/MAMP/htdocs/project/system/View/View.php(213): CodeIgniter\View\View->CodeIgniter\View\{closure}()
#3 /Applications/MAMP/htdocs/project/system/Common.php(1089): CodeIgniter\View\View->render('accueil', Array, true)
#4 /Applications/MAMP/htdocs/project/app/Controllers/Agenda.php(16): view('accueil', Array)
#5 /Applications/MAMP/htdocs/project/system/CodeIgniter.php(825): App\Controllers\Agenda->index()
#6 /Applications/MAMP/htdocs/project/system/CodeIgniter.php(412): CodeIgniter\CodeIgniter->runController(Object(App\Controllers\Agenda))
#7 /Applications/MAMP/htdocs/project/system/CodeIgniter.php(320): CodeIgniter\CodeIgniter->handleRequest(NULL, Object(Config\Cache), false)
#8 /Applications/MAMP/htdocs/project/public/index.php(37): CodeIgniter\CodeIgniter->run()
#9 {main}
CRITICAL - 2022-02-19 07:25:16 --> Undefined variable $eve
#0 /Applications/MAMP/htdocs/project/app/Views/accueil.php(13): CodeIgniter\Debug\Exceptions->errorHandler(2, 'Undefined varia...', '/Applications/M...', 13)
#1 /Applications/MAMP/htdocs/project/system/View/View.php(210): include('/Applications/M...')
#2 /Applications/MAMP/htdocs/project/system/View/View.php(213): CodeIgniter\View\View->CodeIgniter\View\{closure}()
#3 /Applications/MAMP/htdocs/project/system/Common.php(1089): CodeIgniter\View\View->render('accueil', Array, true)
#4 /Applications/MAMP/htdocs/project/app/Controllers/Agenda.php(16): view('accueil', Array)
#5 /Applications/MAMP/htdocs/project/system/CodeIgniter.php(825): App\Controllers\Agenda->index()
#6 /Applications/MAMP/htdocs/project/system/CodeIgniter.php(412): CodeIgniter\CodeIgniter->runController(Object(App\Controllers\Agenda))
#7 /Applications/MAMP/htdocs/project/system/CodeIgniter.php(320): CodeIgniter\CodeIgniter->handleRequest(NULL, Object(Config\Cache), false)
#8 /Applications/MAMP/htdocs/project/public/index.php(37): CodeIgniter\CodeIgniter->run()
#9 {main}
CRITICAL - 2022-02-19 07:26:23 --> Undefined variable $eve
#0 /Applications/MAMP/htdocs/project/app/Views/accueil.php(13): CodeIgniter\Debug\Exceptions->errorHandler(2, 'Undefined varia...', '/Applications/M...', 13)
#1 /Applications/MAMP/htdocs/project/system/View/View.php(210): include('/Applications/M...')
#2 /Applications/MAMP/htdocs/project/system/View/View.php(213): CodeIgniter\View\View->CodeIgniter\View\{closure}()
#3 /Applications/MAMP/htdocs/project/system/Common.php(1089): CodeIgniter\View\View->render('accueil', Array, true)
#4 /Applications/MAMP/htdocs/project/app/Controllers/Agenda.php(16): view('accueil', Array)
#5 /Applications/MAMP/htdocs/project/system/CodeIgniter.php(825): App\Controllers\Agenda->index()
#6 /Applications/MAMP/htdocs/project/system/CodeIgniter.php(412): CodeIgniter\CodeIgniter->runController(Object(App\Controllers\Agenda))
#7 /Applications/MAMP/htdocs/project/system/CodeIgniter.php(320): CodeIgniter\CodeIgniter->handleRequest(NULL, Object(Config\Cache), false)
#8 /Applications/MAMP/htdocs/project/public/index.php(37): CodeIgniter\CodeIgniter->run()
#9 {main}
CRITICAL - 2022-02-19 07:26:40 --> Undefined variable $event
#0 /Applications/MAMP/htdocs/project/app/Views/accueil.php(13): CodeIgniter\Debug\Exceptions->errorHandler(2, 'Undefined varia...', '/Applications/M...', 13)
#1 /Applications/MAMP/htdocs/project/system/View/View.php(210): include('/Applications/M...')
#2 /Applications/MAMP/htdocs/project/system/View/View.php(213): CodeIgniter\View\View->CodeIgniter\View\{closure}()
#3 /Applications/MAMP/htdocs/project/system/Common.php(1089): CodeIgniter\View\View->render('accueil', Array, true)
#4 /Applications/MAMP/htdocs/project/app/Controllers/Agenda.php(16): view('accueil', Array)
#5 /Applications/MAMP/htdocs/project/system/CodeIgniter.php(825): App\Controllers\Agenda->index()
#6 /Applications/MAMP/htdocs/project/system/CodeIgniter.php(412): CodeIgniter\CodeIgniter->runController(Object(App\Controllers\Agenda))
#7 /Applications/MAMP/htdocs/project/system/CodeIgniter.php(320): CodeIgniter\CodeIgniter->handleRequest(NULL, Object(Config\Cache), false)
#8 /Applications/MAMP/htdocs/project/public/index.php(37): CodeIgniter\CodeIgniter->run()
#9 {main}
CRITICAL - 2022-02-19 07:26:43 --> Undefined variable $event
#0 /Applications/MAMP/htdocs/project/app/Views/accueil.php(13): CodeIgniter\Debug\Exceptions->errorHandler(2, 'Undefined varia...', '/Applications/M...', 13)
#1 /Applications/MAMP/htdocs/project/system/View/View.php(210): include('/Applications/M...')
#2 /Applications/MAMP/htdocs/project/system/View/View.php(213): CodeIgniter\View\View->CodeIgniter\View\{closure}()
#3 /Applications/MAMP/htdocs/project/system/Common.php(1089): CodeIgniter\View\View->render('accueil', Array, true)
#4 /Applications/MAMP/htdocs/project/app/Controllers/Agenda.php(16): view('accueil', Array)
#5 /Applications/MAMP/htdocs/project/system/CodeIgniter.php(825): App\Controllers\Agenda->index()
#6 /Applications/MAMP/htdocs/project/system/CodeIgniter.php(412): CodeIgniter\CodeIgniter->runController(Object(App\Controllers\Agenda))
#7 /Applications/MAMP/htdocs/project/system/CodeIgniter.php(320): CodeIgniter\CodeIgniter->handleRequest(NULL, Object(Config\Cache), false)
#8 /Applications/MAMP/htdocs/project/public/index.php(37): CodeIgniter\CodeIgniter->run()
#9 {main}
CRITICAL - 2022-02-19 07:27:27 --> Undefined variable $event
#0 /Applications/MAMP/htdocs/project/app/Views/accueil.php(13): CodeIgniter\Debug\Exceptions->errorHandler(2, 'Undefined varia...', '/Applications/M...', 13)
#1 /Applications/MAMP/htdocs/project/system/View/View.php(210): include('/Applications/M...')
#2 /Applications/MAMP/htdocs/project/system/View/View.php(213): CodeIgniter\View\View->CodeIgniter\View\{closure}()
#3 /Applications/MAMP/htdocs/project/system/Common.php(1089): CodeIgniter\View\View->render('accueil', Array, true)
#4 /Applications/MAMP/htdocs/project/app/Controllers/Agenda.php(16): view('accueil', Array)
#5 /Applications/MAMP/htdocs/project/system/CodeIgniter.php(825): App\Controllers\Agenda->index()
#6 /Applications/MAMP/htdocs/project/system/CodeIgniter.php(412): CodeIgniter\CodeIgniter->runController(Object(App\Controllers\Agenda))
#7 /Applications/MAMP/htdocs/project/system/CodeIgniter.php(320): CodeIgniter\CodeIgniter->handleRequest(NULL, Object(Config\Cache), false)
#8 /Applications/MAMP/htdocs/project/public/index.php(37): CodeIgniter\CodeIgniter->run()
#9 {main}
CRITICAL - 2022-02-19 07:27:42 --> Undefined variable $event
#0 /Applications/MAMP/htdocs/project/app/Views/accueil.php(13): CodeIgniter\Debug\Exceptions->errorHandler(2, 'Undefined varia...', '/Applications/M...', 13)
#1 /Applications/MAMP/htdocs/project/system/View/View.php(210): include('/Applications/M...')
#2 /Applications/MAMP/htdocs/project/system/View/View.php(213): CodeIgniter\View\View->CodeIgniter\View\{closure}()
#3 /Applications/MAMP/htdocs/project/system/Common.php(1089): CodeIgniter\View\View->render('accueil', Array, true)
#4 /Applications/MAMP/htdocs/project/app/Controllers/Agenda.php(16): view('accueil', Array)
#5 /Applications/MAMP/htdocs/project/system/CodeIgniter.php(825): App\Controllers\Agenda->index()
#6 /Applications/MAMP/htdocs/project/system/CodeIgniter.php(412): CodeIgniter\CodeIgniter->runController(Object(App\Controllers\Agenda))
#7 /Applications/MAMP/htdocs/project/system/CodeIgniter.php(320): CodeIgniter\CodeIgniter->handleRequest(NULL, Object(Config\Cache), false)
#8 /Applications/MAMP/htdocs/project/public/index.php(37): CodeIgniter\CodeIgniter->run()
#9 {main}
