CRITICAL - 2022-02-20 07:48:47 --> Undefined variable $event
#0 /Applications/MAMP/htdocs/project/app/Views/accueil.php(13): CodeIgniter\Debug\Exceptions->errorHandler(2, 'Undefined varia...', '/Applications/M...', 13)
#1 /Applications/MAMP/htdocs/project/system/View/View.php(210): include('/Applications/M...')
#2 /Applications/MAMP/htdocs/project/system/View/View.php(213): CodeIgniter\View\View->CodeIgniter\View\{closure}()
#3 /Applications/MAMP/htdocs/project/system/Common.php(1089): CodeIgniter\View\View->render('accueil', Array, true)
#4 /Applications/MAMP/htdocs/project/app/Controllers/Agenda.php(16): view('accueil', Array)
#5 /Applications/MAMP/htdocs/project/system/CodeIgniter.php(825): App\Controllers\Agenda->index()
#6 /Applications/MAMP/htdocs/project/system/CodeIgniter.php(412): CodeIgniter\CodeIgniter->runController(Object(App\Controllers\Agenda))
#7 /Applications/MAMP/htdocs/project/system/CodeIgniter.php(320): CodeIgniter\CodeIgniter->handleRequest(NULL, Object(Config\Cache), false)
#8 /Applications/MAMP/htdocs/project/public/index.php(37): CodeIgniter\CodeIgniter->run()
#9 {main}
CRITICAL - 2022-02-20 07:50:18 --> Undefined variable $event
#0 /Applications/MAMP/htdocs/project/app/Views/accueil.php(13): CodeIgniter\Debug\Exceptions->errorHandler(2, 'Undefined varia...', '/Applications/M...', 13)
#1 /Applications/MAMP/htdocs/project/system/View/View.php(210): include('/Applications/M...')
#2 /Applications/MAMP/htdocs/project/system/View/View.php(213): CodeIgniter\View\View->CodeIgniter\View\{closure}()
#3 /Applications/MAMP/htdocs/project/system/Common.php(1089): CodeIgniter\View\View->render('accueil', Array, true)
#4 /Applications/MAMP/htdocs/project/app/Controllers/Agenda.php(16): view('accueil', Array)
#5 /Applications/MAMP/htdocs/project/system/CodeIgniter.php(825): App\Controllers\Agenda->index()
#6 /Applications/MAMP/htdocs/project/system/CodeIgniter.php(412): CodeIgniter\CodeIgniter->runController(Object(App\Controllers\Agenda))
#7 /Applications/MAMP/htdocs/project/system/CodeIgniter.php(320): CodeIgniter\CodeIgniter->handleRequest(NULL, Object(Config\Cache), false)
#8 /Applications/MAMP/htdocs/project/public/index.php(37): CodeIgniter\CodeIgniter->run()
#9 {main}
CRITICAL - 2022-02-20 07:51:48 --> Undefined variable $event
#0 /Applications/MAMP/htdocs/project/app/Views/accueil.php(13): CodeIgniter\Debug\Exceptions->errorHandler(2, 'Undefined varia...', '/Applications/M...', 13)
#1 /Applications/MAMP/htdocs/project/system/View/View.php(210): include('/Applications/M...')
#2 /Applications/MAMP/htdocs/project/system/View/View.php(213): CodeIgniter\View\View->CodeIgniter\View\{closure}()
#3 /Applications/MAMP/htdocs/project/system/Common.php(1089): CodeIgniter\View\View->render('accueil', Array, true)
#4 /Applications/MAMP/htdocs/project/app/Controllers/Agenda.php(16): view('accueil', Array)
#5 /Applications/MAMP/htdocs/project/system/CodeIgniter.php(825): App\Controllers\Agenda->index()
#6 /Applications/MAMP/htdocs/project/system/CodeIgniter.php(412): CodeIgniter\CodeIgniter->runController(Object(App\Controllers\Agenda))
#7 /Applications/MAMP/htdocs/project/system/CodeIgniter.php(320): CodeIgniter\CodeIgniter->handleRequest(NULL, Object(Config\Cache), false)
#8 /Applications/MAMP/htdocs/project/public/index.php(37): CodeIgniter\CodeIgniter->run()
#9 {main}
CRITICAL - 2022-02-20 07:52:46 --> Undefined variable $event
#0 /Applications/MAMP/htdocs/project/app/Views/accueil.php(13): CodeIgniter\Debug\Exceptions->errorHandler(2, 'Undefined varia...', '/Applications/M...', 13)
#1 /Applications/MAMP/htdocs/project/system/View/View.php(210): include('/Applications/M...')
#2 /Applications/MAMP/htdocs/project/system/View/View.php(213): CodeIgniter\View\View->CodeIgniter\View\{closure}()
#3 /Applications/MAMP/htdocs/project/system/Common.php(1089): CodeIgniter\View\View->render('accueil', Array, true)
#4 /Applications/MAMP/htdocs/project/app/Controllers/Agenda.php(16): view('accueil', Array)
#5 /Applications/MAMP/htdocs/project/system/CodeIgniter.php(825): App\Controllers\Agenda->index()
#6 /Applications/MAMP/htdocs/project/system/CodeIgniter.php(412): CodeIgniter\CodeIgniter->runController(Object(App\Controllers\Agenda))
#7 /Applications/MAMP/htdocs/project/system/CodeIgniter.php(320): CodeIgniter\CodeIgniter->handleRequest(NULL, Object(Config\Cache), false)
#8 /Applications/MAMP/htdocs/project/public/index.php(37): CodeIgniter\CodeIgniter->run()
#9 {main}
CRITICAL - 2022-02-20 07:55:13 --> Undefined variable $event
#0 /Applications/MAMP/htdocs/project/app/Views/accueil.php(13): CodeIgniter\Debug\Exceptions->errorHandler(2, 'Undefined varia...', '/Applications/M...', 13)
#1 /Applications/MAMP/htdocs/project/system/View/View.php(210): include('/Applications/M...')
#2 /Applications/MAMP/htdocs/project/system/View/View.php(213): CodeIgniter\View\View->CodeIgniter\View\{closure}()
#3 /Applications/MAMP/htdocs/project/system/Common.php(1089): CodeIgniter\View\View->render('accueil', Array, true)
#4 /Applications/MAMP/htdocs/project/app/Controllers/Agenda.php(16): view('accueil', Array)
#5 /Applications/MAMP/htdocs/project/system/CodeIgniter.php(825): App\Controllers\Agenda->index()
#6 /Applications/MAMP/htdocs/project/system/CodeIgniter.php(412): CodeIgniter\CodeIgniter->runController(Object(App\Controllers\Agenda))
#7 /Applications/MAMP/htdocs/project/system/CodeIgniter.php(320): CodeIgniter\CodeIgniter->handleRequest(NULL, Object(Config\Cache), false)
#8 /Applications/MAMP/htdocs/project/public/index.php(37): CodeIgniter\CodeIgniter->run()
#9 {main}
